{
  "/Users/simon/Desktop/DDALAB/ddalab-web/__tests__/mocks/handlers.ts": {
    "path": "/Users/simon/Desktop/DDALAB/ddalab-web/__tests__/mocks/handlers.ts",
    "statementMap": {
      "0": {
        "start": { "line": 5, "column": 16 },
        "end": { "line": 5, "column": 34 }
      },
      "1": {
        "start": { "line": 8, "column": 17 },
        "end": { "line": 14, "column": 1 }
      },
      "2": {
        "start": { "line": 17, "column": 18 },
        "end": { "line": 17, "column": 34 }
      },
      "3": {
        "start": { "line": 19, "column": 24 },
        "end": { "line": 71, "column": 1 }
      },
      "4": {
        "start": { "line": 22, "column": 4 },
        "end": { "line": 28, "column": 6 }
      },
      "5": {
        "start": { "line": 33, "column": 4 },
        "end": { "line": 38, "column": 6 }
      },
      "6": {
        "start": { "line": 43, "column": 4 },
        "end": { "line": 49, "column": 6 }
      },
      "7": {
        "start": { "line": 54, "column": 4 },
        "end": { "line": 54, "column": 52 }
      },
      "8": {
        "start": { "line": 59, "column": 4 },
        "end": { "line": 69, "column": 6 }
      },
      "9": {
        "start": { "line": 64, "column": 26 },
        "end": { "line": 67, "column": 11 }
      }
    },
    "fnMap": {
      "0": {
        "name": "(anonymous_0)",
        "decl": {
          "start": { "line": 21, "column": 37 },
          "end": { "line": 21, "column": 38 }
        },
        "loc": {
          "start": { "line": 21, "column": 56 },
          "end": { "line": 29, "column": 3 }
        },
        "line": 21
      },
      "1": {
        "name": "(anonymous_1)",
        "decl": {
          "start": { "line": 32, "column": 38 },
          "end": { "line": 32, "column": 39 }
        },
        "loc": {
          "start": { "line": 32, "column": 57 },
          "end": { "line": 39, "column": 3 }
        },
        "line": 32
      },
      "2": {
        "name": "(anonymous_2)",
        "decl": {
          "start": { "line": 42, "column": 40 },
          "end": { "line": 42, "column": 41 }
        },
        "loc": {
          "start": { "line": 42, "column": 59 },
          "end": { "line": 50, "column": 3 }
        },
        "line": 42
      },
      "3": {
        "name": "(anonymous_3)",
        "decl": {
          "start": { "line": 53, "column": 34 },
          "end": { "line": 53, "column": 35 }
        },
        "loc": {
          "start": { "line": 53, "column": 53 },
          "end": { "line": 55, "column": 3 }
        },
        "line": 53
      },
      "4": {
        "name": "(anonymous_4)",
        "decl": {
          "start": { "line": 58, "column": 38 },
          "end": { "line": 58, "column": 39 }
        },
        "loc": {
          "start": { "line": 58, "column": 57 },
          "end": { "line": 70, "column": 3 }
        },
        "line": 58
      },
      "5": {
        "name": "(anonymous_5)",
        "decl": {
          "start": { "line": 64, "column": 15 },
          "end": { "line": 64, "column": 16 }
        },
        "loc": {
          "start": { "line": 64, "column": 26 },
          "end": { "line": 67, "column": 11 }
        },
        "line": 64
      }
    },
    "branchMap": {},
    "s": {
      "0": 10,
      "1": 10,
      "2": 10,
      "3": 10,
      "4": 4,
      "5": 0,
      "6": 0,
      "7": 0,
      "8": 0,
      "9": 0
    },
    "f": { "0": 4, "1": 0, "2": 0, "3": 0, "4": 0, "5": 0 },
    "b": {},
    "_coverageSchema": "1a1c01bbd47fc00a2c39e90264f33305004495a9",
    "hash": "89c16ca31e8dc2b31f53b94a54a33fee90a3d557"
  },
  "/Users/simon/Desktop/DDALAB/ddalab-web/__tests__/mocks/server.ts": {
    "path": "/Users/simon/Desktop/DDALAB/ddalab-web/__tests__/mocks/server.ts",
    "statementMap": {
      "0": {
        "start": { "line": 5, "column": 22 },
        "end": { "line": 5, "column": 46 }
      }
    },
    "fnMap": {},
    "branchMap": {},
    "s": { "0": 10 },
    "f": {},
    "b": {},
    "_coverageSchema": "1a1c01bbd47fc00a2c39e90264f33305004495a9",
    "hash": "5503580f6b1b34f3fe3fbb0a3f761ac55766b552"
  },
  "/Users/simon/Desktop/DDALAB/ddalab-web/__tests__/mocks/theme-provider-mock.tsx": {
    "path": "/Users/simon/Desktop/DDALAB/ddalab-web/__tests__/mocks/theme-provider-mock.tsx",
    "statementMap": {
      "0": {
        "start": { "line": 4, "column": 29 },
        "end": { "line": 6, "column": 1 }
      },
      "1": {
        "start": { "line": 5, "column": 2 },
        "end": { "line": 5, "column": 65 }
      }
    },
    "fnMap": {
      "0": {
        "name": "(anonymous_0)",
        "decl": {
          "start": { "line": 4, "column": 29 },
          "end": { "line": 4, "column": 30 }
        },
        "loc": {
          "start": { "line": 4, "column": 78 },
          "end": { "line": 6, "column": 1 }
        },
        "line": 4
      }
    },
    "branchMap": {},
    "s": { "0": 8, "1": 6 },
    "f": { "0": 6 },
    "b": {},
    "_coverageSchema": "1a1c01bbd47fc00a2c39e90264f33305004495a9",
    "hash": "9b12a04a8ecb4e9d7807904e7cd9dc94b57235e5"
  },
  "/Users/simon/Desktop/DDALAB/ddalab-web/__tests__/utils/test-utils.tsx": {
    "path": "/Users/simon/Desktop/DDALAB/ddalab-web/__tests__/utils/test-utils.tsx",
    "statementMap": {
      "0": {
        "start": { "line": 7, "column": 56 },
        "end": { "line": 13, "column": 1 }
      },
      "1": {
        "start": { "line": 8, "column": 2 },
        "end": { "line": 12, "column": 4 }
      },
      "2": {
        "start": { "line": 16, "column": 21 },
        "end": { "line": 19, "column": 54 }
      },
      "3": {
        "start": { "line": 19, "column": 5 },
        "end": { "line": 19, "column": 54 }
      }
    },
    "fnMap": {
      "0": {
        "name": "(anonymous_0)",
        "decl": {
          "start": { "line": 7, "column": 56 },
          "end": { "line": 7, "column": 57 }
        },
        "loc": {
          "start": { "line": 7, "column": 74 },
          "end": { "line": 13, "column": 1 }
        },
        "line": 7
      },
      "1": {
        "name": "(anonymous_1)",
        "decl": {
          "start": { "line": 16, "column": 21 },
          "end": { "line": 16, "column": 22 }
        },
        "loc": {
          "start": { "line": 19, "column": 5 },
          "end": { "line": 19, "column": 54 }
        },
        "line": 19
      }
    },
    "branchMap": {},
    "s": { "0": 1, "1": 4, "2": 1, "3": 4 },
    "f": { "0": 4, "1": 4 },
    "b": {},
    "_coverageSchema": "1a1c01bbd47fc00a2c39e90264f33305004495a9",
    "hash": "85020f1dc40ff51c3be0fd668260bd1fa93f4987"
  },
  "/Users/simon/Desktop/DDALAB/ddalab-web/components/dashboard-tabs.tsx": {
    "path": "/Users/simon/Desktop/DDALAB/ddalab-web/components/dashboard-tabs.tsx",
    "statementMap": {
      "0": {
        "start": { "line": 11, "column": 50 },
        "end": { "line": 11, "column": 79 }
      },
      "1": {
        "start": { "line": 12, "column": 42 },
        "end": { "line": 12, "column": 71 }
      },
      "2": {
        "start": { "line": 13, "column": 36 },
        "end": { "line": 13, "column": 53 }
      },
      "3": {
        "start": { "line": 15, "column": 27 },
        "end": { "line": 18, "column": 3 }
      },
      "4": {
        "start": { "line": 16, "column": 4 },
        "end": { "line": 16, "column": 33 }
      },
      "5": {
        "start": { "line": 17, "column": 4 },
        "end": { "line": 17, "column": 23 }
      },
      "6": {
        "start": { "line": 20, "column": 30 },
        "end": { "line": 23, "column": 3 }
      },
      "7": {
        "start": { "line": 21, "column": 4 },
        "end": { "line": 21, "column": 27 }
      },
      "8": {
        "start": { "line": 22, "column": 4 },
        "end": { "line": 22, "column": 25 }
      },
      "9": {
        "start": { "line": 25, "column": 29 },
        "end": { "line": 28, "column": 3 }
      },
      "10": {
        "start": { "line": 27, "column": 4 },
        "end": { "line": 27, "column": 56 }
      },
      "11": {
        "start": { "line": 30, "column": 2 },
        "end": { "line": 70, "column": 3 }
      }
    },
    "fnMap": {
      "0": {
        "name": "DashboardTabs",
        "decl": {
          "start": { "line": 10, "column": 16 },
          "end": { "line": 10, "column": 29 }
        },
        "loc": {
          "start": { "line": 10, "column": 32 },
          "end": { "line": 71, "column": 1 }
        },
        "line": 10
      },
      "1": {
        "name": "(anonymous_1)",
        "decl": {
          "start": { "line": 15, "column": 27 },
          "end": { "line": 15, "column": 28 }
        },
        "loc": {
          "start": { "line": 15, "column": 49 },
          "end": { "line": 18, "column": 3 }
        },
        "line": 15
      },
      "2": {
        "name": "(anonymous_2)",
        "decl": {
          "start": { "line": 20, "column": 30 },
          "end": { "line": 20, "column": 31 }
        },
        "loc": {
          "start": { "line": 20, "column": 50 },
          "end": { "line": 23, "column": 3 }
        },
        "line": 20
      },
      "3": {
        "name": "(anonymous_3)",
        "decl": {
          "start": { "line": 25, "column": 29 },
          "end": { "line": 25, "column": 30 }
        },
        "loc": {
          "start": { "line": 25, "column": 47 },
          "end": { "line": 28, "column": 3 }
        },
        "line": 25
      }
    },
    "branchMap": {
      "0": {
        "loc": {
          "start": { "line": 43, "column": 9 },
          "end": { "line": 53, "column": 9 }
        },
        "type": "cond-expr",
        "locations": [
          {
            "start": { "line": 44, "column": 10 },
            "end": { "line": 44, "column": 87 }
          },
          {
            "start": { "line": 46, "column": 10 },
            "end": { "line": 52, "column": 17 }
          }
        ],
        "line": 43
      },
      "1": {
        "loc": {
          "start": { "line": 57, "column": 9 },
          "end": { "line": 67, "column": 9 }
        },
        "type": "cond-expr",
        "locations": [
          {
            "start": { "line": 58, "column": 10 },
            "end": { "line": 58, "column": 78 }
          },
          {
            "start": { "line": 60, "column": 10 },
            "end": { "line": 66, "column": 17 }
          }
        ],
        "line": 57
      }
    },
    "s": {
      "0": 0,
      "1": 0,
      "2": 0,
      "3": 0,
      "4": 0,
      "5": 0,
      "6": 0,
      "7": 0,
      "8": 0,
      "9": 0,
      "10": 0,
      "11": 0
    },
    "f": { "0": 0, "1": 0, "2": 0, "3": 0 },
    "b": { "0": [0, 0], "1": [0, 0] },
    "_coverageSchema": "1a1c01bbd47fc00a2c39e90264f33305004495a9",
    "hash": "c607a7076ee6231215a9226cfa700270c6aee861"
  },
  "/Users/simon/Desktop/DDALAB/ddalab-web/components/dda-form.tsx": {
    "path": "/Users/simon/Desktop/DDALAB/ddalab-web/components/dda-form.tsx",
    "statementMap": {
      "0": {
        "start": { "line": 15, "column": 19 },
        "end": { "line": 23, "column": 2 }
      },
      "1": {
        "start": { "line": 33, "column": 39 },
        "end": { "line": 33, "column": 67 }
      },
      "2": {
        "start": { "line": 35, "column": 15 },
        "end": { "line": 46, "column": 4 }
      },
      "3": {
        "start": { "line": 48, "column": 19 },
        "end": { "line": 78, "column": 3 }
      },
      "4": {
        "start": { "line": 49, "column": 4 },
        "end": { "line": 77, "column": 5 }
      },
      "5": {
        "start": { "line": 50, "column": 37 },
        "end": { "line": 62, "column": 8 }
      },
      "6": {
        "start": { "line": 64, "column": 6 },
        "end": { "line": 70, "column": 7 }
      },
      "7": {
        "start": { "line": 65, "column": 8 },
        "end": { "line": 68, "column": 10 }
      },
      "8": {
        "start": { "line": 69, "column": 8 },
        "end": { "line": 69, "column": 58 }
      },
      "9": {
        "start": { "line": 72, "column": 6 },
        "end": { "line": 76, "column": 8 }
      },
      "10": {
        "start": { "line": 80, "column": 2 },
        "end": { "line": 211, "column": 3 }
      },
      "11": {
        "start": { "line": 102, "column": 22 },
        "end": { "line": 110, "column": 33 }
      },
      "12": {
        "start": { "line": 118, "column": 22 },
        "end": { "line": 126, "column": 33 }
      },
      "13": {
        "start": { "line": 134, "column": 22 },
        "end": { "line": 142, "column": 33 }
      },
      "14": {
        "start": { "line": 150, "column": 22 },
        "end": { "line": 158, "column": 33 }
      },
      "15": {
        "start": { "line": 166, "column": 22 },
        "end": { "line": 174, "column": 33 }
      },
      "16": {
        "start": { "line": 182, "column": 22 },
        "end": { "line": 190, "column": 33 }
      }
    },
    "fnMap": {
      "0": {
        "name": "DDAForm",
        "decl": {
          "start": { "line": 32, "column": 16 },
          "end": { "line": 32, "column": 23 }
        },
        "loc": {
          "start": { "line": 32, "column": 69 },
          "end": { "line": 212, "column": 1 }
        },
        "line": 32
      },
      "1": {
        "name": "(anonymous_1)",
        "decl": {
          "start": { "line": 48, "column": 19 },
          "end": { "line": 48, "column": 20 }
        },
        "loc": {
          "start": { "line": 48, "column": 47 },
          "end": { "line": 78, "column": 3 }
        },
        "line": 48
      },
      "2": {
        "name": "(anonymous_2)",
        "decl": {
          "start": { "line": 101, "column": 28 },
          "end": { "line": 101, "column": 29 }
        },
        "loc": {
          "start": { "line": 102, "column": 22 },
          "end": { "line": 110, "column": 33 }
        },
        "line": 102
      },
      "3": {
        "name": "(anonymous_3)",
        "decl": {
          "start": { "line": 117, "column": 28 },
          "end": { "line": 117, "column": 29 }
        },
        "loc": {
          "start": { "line": 118, "column": 22 },
          "end": { "line": 126, "column": 33 }
        },
        "line": 118
      },
      "4": {
        "name": "(anonymous_4)",
        "decl": {
          "start": { "line": 133, "column": 28 },
          "end": { "line": 133, "column": 29 }
        },
        "loc": {
          "start": { "line": 134, "column": 22 },
          "end": { "line": 142, "column": 33 }
        },
        "line": 134
      },
      "5": {
        "name": "(anonymous_5)",
        "decl": {
          "start": { "line": 149, "column": 28 },
          "end": { "line": 149, "column": 29 }
        },
        "loc": {
          "start": { "line": 150, "column": 22 },
          "end": { "line": 158, "column": 33 }
        },
        "line": 150
      },
      "6": {
        "name": "(anonymous_6)",
        "decl": {
          "start": { "line": 165, "column": 28 },
          "end": { "line": 165, "column": 29 }
        },
        "loc": {
          "start": { "line": 166, "column": 22 },
          "end": { "line": 174, "column": 33 }
        },
        "line": 166
      },
      "7": {
        "name": "(anonymous_7)",
        "decl": {
          "start": { "line": 181, "column": 28 },
          "end": { "line": 181, "column": 29 }
        },
        "loc": {
          "start": { "line": 182, "column": 22 },
          "end": { "line": 190, "column": 33 }
        },
        "line": 182
      }
    },
    "branchMap": {
      "0": {
        "loc": {
          "start": { "line": 64, "column": 6 },
          "end": { "line": 70, "column": 7 }
        },
        "type": "if",
        "locations": [
          {
            "start": { "line": 64, "column": 6 },
            "end": { "line": 70, "column": 7 }
          },
          { "start": {}, "end": {} }
        ],
        "line": 64
      },
      "1": {
        "loc": {
          "start": { "line": 74, "column": 21 },
          "end": { "line": 74, "column": 89 }
        },
        "type": "cond-expr",
        "locations": [
          {
            "start": { "line": 74, "column": 46 },
            "end": { "line": 74, "column": 59 }
          },
          {
            "start": { "line": 74, "column": 62 },
            "end": { "line": 74, "column": 89 }
          }
        ],
        "line": 74
      },
      "2": {
        "loc": {
          "start": { "line": 198, "column": 15 },
          "end": { "line": 205, "column": 15 }
        },
        "type": "cond-expr",
        "locations": [
          {
            "start": { "line": 199, "column": 16 },
            "end": { "line": 202, "column": 19 }
          },
          {
            "start": { "line": 204, "column": 16 },
            "end": { "line": 204, "column": 33 }
          }
        ],
        "line": 198
      }
    },
    "s": {
      "0": 1,
      "1": 0,
      "2": 0,
      "3": 0,
      "4": 0,
      "5": 0,
      "6": 0,
      "7": 0,
      "8": 0,
      "9": 0,
      "10": 0,
      "11": 0,
      "12": 0,
      "13": 0,
      "14": 0,
      "15": 0,
      "16": 0
    },
    "f": { "0": 0, "1": 0, "2": 0, "3": 0, "4": 0, "5": 0, "6": 0, "7": 0 },
    "b": { "0": [0, 0], "1": [0, 0], "2": [0, 0] },
    "_coverageSchema": "1a1c01bbd47fc00a2c39e90264f33305004495a9",
    "hash": "ec9981f9955883507b056a6020b355cfcd17ac24"
  },
  "/Users/simon/Desktop/DDALAB/ddalab-web/components/edf-plot-dialog.tsx": {
    "path": "/Users/simon/Desktop/DDALAB/ddalab-web/components/edf-plot-dialog.tsx",
    "statementMap": {
      "0": {
        "start": { "line": 44, "column": 30 },
        "end": { "line": 44, "column": 33 }
      },
      "1": {
        "start": { "line": 47, "column": 59 },
        "end": { "line": 47, "column": 71 }
      },
      "2": {
        "start": { "line": 50, "column": 48 },
        "end": { "line": 50, "column": 63 }
      },
      "3": {
        "start": { "line": 51, "column": 38 },
        "end": { "line": 51, "column": 49 }
      },
      "4": {
        "start": { "line": 52, "column": 54 },
        "end": { "line": 54, "column": 3 }
      },
      "5": {
        "start": { "line": 55, "column": 34 },
        "end": { "line": 55, "column": 72 }
      },
      "6": {
        "start": { "line": 58, "column": 2 },
        "end": { "line": 67, "column": 52 }
      },
      "7": {
        "start": { "line": 59, "column": 4 },
        "end": { "line": 66, "column": 5 }
      },
      "8": {
        "start": { "line": 60, "column": 28 },
        "end": { "line": 60, "column": 50 }
      },
      "9": {
        "start": { "line": 61, "column": 6 },
        "end": { "line": 65, "column": 7 }
      },
      "10": {
        "start": { "line": 63, "column": 8 },
        "end": { "line": 63, "column": 69 }
      },
      "11": {
        "start": { "line": 64, "column": 8 },
        "end": { "line": 64, "column": 32 }
      },
      "12": {
        "start": { "line": 70, "column": 20 },
        "end": { "line": 82, "column": 3 }
      },
      "13": {
        "start": { "line": 97, "column": 6 },
        "end": { "line": 97, "column": 15 }
      },
      "14": {
        "start": { "line": 100, "column": 30 },
        "end": { "line": 101, "column": 58 }
      },
      "15": {
        "start": { "line": 101, "column": 4 },
        "end": { "line": 101, "column": 58 }
      },
      "16": {
        "start": { "line": 102, "column": 30 },
        "end": { "line": 103, "column": 58 }
      },
      "17": {
        "start": { "line": 103, "column": 4 },
        "end": { "line": 103, "column": 58 }
      },
      "18": {
        "start": { "line": 104, "column": 22 },
        "end": { "line": 105, "column": 50 }
      },
      "19": {
        "start": { "line": 105, "column": 4 },
        "end": { "line": 105, "column": 50 }
      },
      "20": {
        "start": { "line": 106, "column": 24 },
        "end": { "line": 107, "column": 52 }
      },
      "21": {
        "start": { "line": 107, "column": 4 },
        "end": { "line": 107, "column": 52 }
      },
      "22": {
        "start": { "line": 108, "column": 32 },
        "end": { "line": 109, "column": 60 }
      },
      "23": {
        "start": { "line": 109, "column": 4 },
        "end": { "line": 109, "column": 60 }
      },
      "24": {
        "start": { "line": 110, "column": 23 },
        "end": { "line": 111, "column": 51 }
      },
      "25": {
        "start": { "line": 111, "column": 4 },
        "end": { "line": 111, "column": 51 }
      },
      "26": {
        "start": { "line": 112, "column": 24 },
        "end": { "line": 113, "column": 52 }
      },
      "27": {
        "start": { "line": 113, "column": 4 },
        "end": { "line": 113, "column": 52 }
      },
      "28": {
        "start": { "line": 114, "column": 26 },
        "end": { "line": 115, "column": 54 }
      },
      "29": {
        "start": { "line": 115, "column": 4 },
        "end": { "line": 115, "column": 54 }
      },
      "30": {
        "start": { "line": 116, "column": 27 },
        "end": { "line": 117, "column": 55 }
      },
      "31": {
        "start": { "line": 117, "column": 4 },
        "end": { "line": 117, "column": 55 }
      },
      "32": {
        "start": { "line": 118, "column": 32 },
        "end": { "line": 119, "column": 60 }
      },
      "33": {
        "start": { "line": 119, "column": 4 },
        "end": { "line": 119, "column": 60 }
      },
      "34": {
        "start": { "line": 120, "column": 25 },
        "end": { "line": 121, "column": 53 }
      },
      "35": {
        "start": { "line": 121, "column": 4 },
        "end": { "line": 121, "column": 53 }
      },
      "36": {
        "start": { "line": 124, "column": 44 },
        "end": { "line": 161, "column": 4 }
      },
      "37": {
        "start": { "line": 139, "column": 6 },
        "end": { "line": 159, "column": 7 }
      },
      "38": {
        "start": { "line": 144, "column": 24 },
        "end": { "line": 144, "column": 54 }
      },
      "39": {
        "start": { "line": 145, "column": 8 },
        "end": { "line": 147, "column": 10 }
      },
      "40": {
        "start": { "line": 148, "column": 8 },
        "end": { "line": 148, "column": 42 }
      },
      "41": {
        "start": { "line": 148, "column": 32 },
        "end": { "line": 148, "column": 40 }
      },
      "42": {
        "start": { "line": 151, "column": 8 },
        "end": { "line": 154, "column": 20 }
      },
      "43": {
        "start": { "line": 152, "column": 10 },
        "end": { "line": 152, "column": 38 }
      },
      "44": {
        "start": { "line": 153, "column": 10 },
        "end": { "line": 153, "column": 20 }
      },
      "45": {
        "start": { "line": 155, "column": 13 },
        "end": { "line": 159, "column": 7 }
      },
      "46": {
        "start": { "line": 156, "column": 8 },
        "end": { "line": 158, "column": 10 }
      },
      "47": {
        "start": { "line": 164, "column": 21 },
        "end": { "line": 164, "column": 79 }
      },
      "48": {
        "start": { "line": 165, "column": 27 },
        "end": { "line": 165, "column": 56 }
      },
      "49": {
        "start": { "line": 168, "column": 2 },
        "end": { "line": 271, "column": 5 }
      },
      "50": {
        "start": { "line": 169, "column": 4 },
        "end": { "line": 259, "column": 5 }
      },
      "51": {
        "start": { "line": 171, "column": 6 },
        "end": { "line": 195, "column": 7 }
      },
      "52": {
        "start": { "line": 172, "column": 8 },
        "end": { "line": 176, "column": 11 }
      },
      "53": {
        "start": { "line": 179, "column": 10 },
        "end": { "line": 179, "column": 74 }
      },
      "54": {
        "start": { "line": 182, "column": 38 },
        "end": { "line": 184, "column": 9 }
      },
      "55": {
        "start": { "line": 185, "column": 8 },
        "end": { "line": 187, "column": 9 }
      },
      "56": {
        "start": { "line": 186, "column": 10 },
        "end": { "line": 186, "column": 76 }
      },
      "57": {
        "start": { "line": 190, "column": 27 },
        "end": { "line": 190, "column": 73 }
      },
      "58": {
        "start": { "line": 191, "column": 31 },
        "end": { "line": 191, "column": 76 }
      },
      "59": {
        "start": { "line": 192, "column": 8 },
        "end": { "line": 194, "column": 9 }
      },
      "60": {
        "start": { "line": 193, "column": 10 },
        "end": { "line": 193, "column": 76 }
      },
      "61": {
        "start": { "line": 199, "column": 8 },
        "end": { "line": 199, "column": 69 }
      },
      "62": {
        "start": { "line": 200, "column": 36 },
        "end": { "line": 200, "column": 52 }
      },
      "63": {
        "start": { "line": 203, "column": 6 },
        "end": { "line": 215, "column": 7 }
      },
      "64": {
        "start": { "line": 204, "column": 8 },
        "end": { "line": 208, "column": 10 }
      },
      "65": {
        "start": { "line": 210, "column": 8 },
        "end": { "line": 214, "column": 10 }
      },
      "66": {
        "start": { "line": 218, "column": 31 },
        "end": { "line": 218, "column": 77 }
      },
      "67": {
        "start": { "line": 221, "column": 32 },
        "end": { "line": 221, "column": 48 }
      },
      "68": {
        "start": { "line": 222, "column": 30 },
        "end": { "line": 222, "column": 69 }
      },
      "69": {
        "start": { "line": 225, "column": 36 },
        "end": { "line": 228, "column": 7 }
      },
      "70": {
        "start": { "line": 229, "column": 6 },
        "end": { "line": 237, "column": 7 }
      },
      "71": {
        "start": { "line": 234, "column": 8 },
        "end": { "line": 236, "column": 11 }
      },
      "72": {
        "start": { "line": 239, "column": 6 },
        "end": { "line": 243, "column": 8 }
      },
      "73": {
        "start": { "line": 246, "column": 6 },
        "end": { "line": 258, "column": 7 }
      },
      "74": {
        "start": { "line": 247, "column": 8 },
        "end": { "line": 251, "column": 10 }
      },
      "75": {
        "start": { "line": 252, "column": 13 },
        "end": { "line": 258, "column": 7 }
      },
      "76": {
        "start": { "line": 253, "column": 8 },
        "end": { "line": 257, "column": 10 }
      },
      "77": {
        "start": { "line": 273, "column": 24 },
        "end": { "line": 279, "column": 3 }
      },
      "78": {
        "start": { "line": 274, "column": 4 },
        "end": { "line": 278, "column": 5 }
      },
      "79": {
        "start": { "line": 275, "column": 6 },
        "end": { "line": 275, "column": 75 }
      },
      "80": {
        "start": { "line": 275, "column": 58 },
        "end": { "line": 275, "column": 72 }
      },
      "81": {
        "start": { "line": 277, "column": 6 },
        "end": { "line": 277, "column": 58 }
      },
      "82": {
        "start": { "line": 281, "column": 28 },
        "end": { "line": 285, "column": 3 }
      },
      "83": {
        "start": { "line": 282, "column": 4 },
        "end": { "line": 284, "column": 5 }
      },
      "84": {
        "start": { "line": 283, "column": 6 },
        "end": { "line": 283, "column": 62 }
      },
      "85": {
        "start": { "line": 287, "column": 30 },
        "end": { "line": 289, "column": 3 }
      },
      "86": {
        "start": { "line": 288, "column": 4 },
        "end": { "line": 288, "column": 28 }
      },
      "87": {
        "start": { "line": 291, "column": 21 },
        "end": { "line": 318, "column": 3 }
      },
      "88": {
        "start": { "line": 292, "column": 4 },
        "end": { "line": 292, "column": 22 }
      },
      "89": {
        "start": { "line": 295, "column": 4 },
        "end": { "line": 314, "column": 5 }
      },
      "90": {
        "start": { "line": 297, "column": 8 },
        "end": { "line": 297, "column": 69 }
      },
      "91": {
        "start": { "line": 300, "column": 6 },
        "end": { "line": 300, "column": 46 }
      },
      "92": {
        "start": { "line": 303, "column": 6 },
        "end": { "line": 303, "column": 54 }
      },
      "93": {
        "start": { "line": 305, "column": 6 },
        "end": { "line": 309, "column": 8 }
      },
      "94": {
        "start": { "line": 312, "column": 6 },
        "end": { "line": 312, "column": 43 }
      },
      "95": {
        "start": { "line": 313, "column": 6 },
        "end": { "line": 313, "column": 51 }
      },
      "96": {
        "start": { "line": 316, "column": 4 },
        "end": { "line": 316, "column": 21 }
      },
      "97": {
        "start": { "line": 317, "column": 4 },
        "end": { "line": 317, "column": 29 }
      },
      "98": {
        "start": { "line": 320, "column": 33 },
        "end": { "line": 366, "column": 3 }
      },
      "99": {
        "start": { "line": 322, "column": 4 },
        "end": { "line": 349, "column": 5 }
      },
      "100": {
        "start": { "line": 323, "column": 50 },
        "end": { "line": 326, "column": 7 }
      },
      "101": {
        "start": { "line": 329, "column": 28 },
        "end": { "line": 329, "column": 50 }
      },
      "102": {
        "start": { "line": 330, "column": 6 },
        "end": { "line": 336, "column": 7 }
      },
      "103": {
        "start": { "line": 331, "column": 8 },
        "end": { "line": 331, "column": 29 }
      },
      "104": {
        "start": { "line": 332, "column": 13 },
        "end": { "line": 336, "column": 7 }
      },
      "105": {
        "start": { "line": 333, "column": 8 },
        "end": { "line": 333, "column": 27 }
      },
      "106": {
        "start": { "line": 335, "column": 8 },
        "end": { "line": 335, "column": 26 }
      },
      "107": {
        "start": { "line": 339, "column": 6 },
        "end": { "line": 339, "column": 39 }
      },
      "108": {
        "start": { "line": 342, "column": 33 },
        "end": { "line": 342, "column": 56 }
      },
      "109": {
        "start": { "line": 343, "column": 28 },
        "end": { "line": 343, "column": 69 }
      },
      "110": {
        "start": { "line": 344, "column": 26 },
        "end": { "line": 344, "column": 67 }
      },
      "111": {
        "start": { "line": 345, "column": 6 },
        "end": { "line": 345, "column": 58 }
      },
      "112": {
        "start": { "line": 347, "column": 6 },
        "end": { "line": 347, "column": 28 }
      },
      "113": {
        "start": { "line": 348, "column": 6 },
        "end": { "line": 348, "column": 24 }
      },
      "114": {
        "start": { "line": 369, "column": 27 },
        "end": { "line": 397, "column": 3 }
      },
      "115": {
        "start": { "line": 370, "column": 4 },
        "end": { "line": 370, "column": 39 }
      },
      "116": {
        "start": { "line": 370, "column": 27 },
        "end": { "line": 370, "column": 39 }
      },
      "117": {
        "start": { "line": 372, "column": 4 },
        "end": { "line": 396, "column": 5 }
      },
      "118": {
        "start": { "line": 374, "column": 8 },
        "end": { "line": 374, "column": 69 }
      },
      "119": {
        "start": { "line": 377, "column": 31 },
        "end": { "line": 377, "column": 77 }
      },
      "120": {
        "start": { "line": 379, "column": 6 },
        "end": { "line": 387, "column": 8 }
      },
      "121": {
        "start": { "line": 389, "column": 6 },
        "end": { "line": 389, "column": 55 }
      },
      "122": {
        "start": { "line": 390, "column": 6 },
        "end": { "line": 394, "column": 8 }
      },
      "123": {
        "start": { "line": 395, "column": 6 },
        "end": { "line": 395, "column": 18 }
      },
      "124": {
        "start": { "line": 399, "column": 18 },
        "end": { "line": 399, "column": 36 }
      },
      "125": {
        "start": { "line": 401, "column": 23 },
        "end": { "line": 423, "column": 3 }
      },
      "126": {
        "start": { "line": 402, "column": 4 },
        "end": { "line": 422, "column": 5 }
      },
      "127": {
        "start": { "line": 403, "column": 22 },
        "end": { "line": 403, "column": 37 }
      },
      "128": {
        "start": { "line": 404, "column": 6 },
        "end": { "line": 404, "column": 28 }
      },
      "129": {
        "start": { "line": 407, "column": 21 },
        "end": { "line": 407, "column": 56 }
      },
      "130": {
        "start": { "line": 408, "column": 26 },
        "end": { "line": 408, "column": 63 }
      },
      "131": {
        "start": { "line": 409, "column": 29 },
        "end": { "line": 412, "column": 27 }
      },
      "132": {
        "start": { "line": 414, "column": 6 },
        "end": { "line": 414, "column": 36 }
      },
      "133": {
        "start": { "line": 417, "column": 33 },
        "end": { "line": 417, "column": 56 }
      },
      "134": {
        "start": { "line": 418, "column": 6 },
        "end": { "line": 421, "column": 9 }
      },
      "135": {
        "start": { "line": 425, "column": 24 },
        "end": { "line": 447, "column": 3 }
      },
      "136": {
        "start": { "line": 426, "column": 4 },
        "end": { "line": 446, "column": 5 }
      },
      "137": {
        "start": { "line": 427, "column": 22 },
        "end": { "line": 427, "column": 37 }
      },
      "138": {
        "start": { "line": 428, "column": 6 },
        "end": { "line": 428, "column": 28 }
      },
      "139": {
        "start": { "line": 431, "column": 21 },
        "end": { "line": 431, "column": 56 }
      },
      "140": {
        "start": { "line": 432, "column": 26 },
        "end": { "line": 432, "column": 63 }
      },
      "141": {
        "start": { "line": 433, "column": 29 },
        "end": { "line": 436, "column": 27 }
      },
      "142": {
        "start": { "line": 438, "column": 6 },
        "end": { "line": 438, "column": 36 }
      },
      "143": {
        "start": { "line": 441, "column": 33 },
        "end": { "line": 441, "column": 56 }
      },
      "144": {
        "start": { "line": 442, "column": 6 },
        "end": { "line": 445, "column": 9 }
      },
      "145": {
        "start": { "line": 449, "column": 26 },
        "end": { "line": 465, "column": 3 }
      },
      "146": {
        "start": { "line": 450, "column": 4 },
        "end": { "line": 450, "column": 20 }
      },
      "147": {
        "start": { "line": 452, "column": 4 },
        "end": { "line": 464, "column": 5 }
      },
      "148": {
        "start": { "line": 453, "column": 6 },
        "end": { "line": 453, "column": 43 }
      },
      "149": {
        "start": { "line": 456, "column": 33 },
        "end": { "line": 456, "column": 56 }
      },
      "150": {
        "start": { "line": 457, "column": 6 },
        "end": { "line": 460, "column": 9 }
      },
      "151": {
        "start": { "line": 462, "column": 6 },
        "end": { "line": 462, "column": 43 }
      },
      "152": {
        "start": { "line": 463, "column": 6 },
        "end": { "line": 463, "column": 51 }
      },
      "153": {
        "start": { "line": 467, "column": 28 },
        "end": { "line": 533, "column": 3 }
      },
      "154": {
        "start": { "line": 468, "column": 4 },
        "end": { "line": 532, "column": 5 }
      },
      "155": {
        "start": { "line": 469, "column": 6 },
        "end": { "line": 469, "column": 31 }
      },
      "156": {
        "start": { "line": 470, "column": 6 },
        "end": { "line": 470, "column": 34 }
      },
      "157": {
        "start": { "line": 471, "column": 6 },
        "end": { "line": 471, "column": 23 }
      },
      "158": {
        "start": { "line": 472, "column": 28 },
        "end": { "line": 472, "column": 70 }
      },
      "159": {
        "start": { "line": 473, "column": 6 },
        "end": { "line": 473, "column": 35 }
      },
      "160": {
        "start": { "line": 476, "column": 6 },
        "end": { "line": 476, "column": 43 }
      },
      "161": {
        "start": { "line": 479, "column": 32 },
        "end": { "line": 479, "column": 58 }
      },
      "162": {
        "start": { "line": 480, "column": 6 },
        "end": { "line": 483, "column": 9 }
      },
      "163": {
        "start": { "line": 486, "column": 6 },
        "end": { "line": 531, "column": 14 }
      },
      "164": {
        "start": { "line": 487, "column": 8 },
        "end": { "line": 489, "column": 10 }
      },
      "165": {
        "start": { "line": 490, "column": 8 },
        "end": { "line": 530, "column": 13 }
      },
      "166": {
        "start": { "line": 498, "column": 12 },
        "end": { "line": 520, "column": 13 }
      },
      "167": {
        "start": { "line": 499, "column": 14 },
        "end": { "line": 501, "column": 16 }
      },
      "168": {
        "start": { "line": 505, "column": 16 },
        "end": { "line": 506, "column": 56 }
      },
      "169": {
        "start": { "line": 507, "column": 14 },
        "end": { "line": 509, "column": 16 }
      },
      "170": {
        "start": { "line": 512, "column": 14 },
        "end": { "line": 512, "column": 49 }
      },
      "171": {
        "start": { "line": 515, "column": 40 },
        "end": { "line": 515, "column": 66 }
      },
      "172": {
        "start": { "line": 516, "column": 14 },
        "end": { "line": 519, "column": 17 }
      },
      "173": {
        "start": { "line": 523, "column": 12 },
        "end": { "line": 523, "column": 64 }
      },
      "174": {
        "start": { "line": 524, "column": 12 },
        "end": { "line": 526, "column": 14 }
      },
      "175": {
        "start": { "line": 529, "column": 12 },
        "end": { "line": 529, "column": 38 }
      },
      "176": {
        "start": { "line": 535, "column": 24 },
        "end": { "line": 601, "column": 3 }
      },
      "177": {
        "start": { "line": 536, "column": 4 },
        "end": { "line": 600, "column": 5 }
      },
      "178": {
        "start": { "line": 537, "column": 6 },
        "end": { "line": 537, "column": 31 }
      },
      "179": {
        "start": { "line": 538, "column": 6 },
        "end": { "line": 538, "column": 34 }
      },
      "180": {
        "start": { "line": 539, "column": 6 },
        "end": { "line": 539, "column": 23 }
      },
      "181": {
        "start": { "line": 540, "column": 28 },
        "end": { "line": 540, "column": 57 }
      },
      "182": {
        "start": { "line": 541, "column": 6 },
        "end": { "line": 541, "column": 35 }
      },
      "183": {
        "start": { "line": 544, "column": 6 },
        "end": { "line": 544, "column": 43 }
      },
      "184": {
        "start": { "line": 547, "column": 32 },
        "end": { "line": 547, "column": 58 }
      },
      "185": {
        "start": { "line": 548, "column": 6 },
        "end": { "line": 551, "column": 9 }
      },
      "186": {
        "start": { "line": 554, "column": 6 },
        "end": { "line": 599, "column": 14 }
      },
      "187": {
        "start": { "line": 555, "column": 8 },
        "end": { "line": 557, "column": 10 }
      },
      "188": {
        "start": { "line": 558, "column": 8 },
        "end": { "line": 598, "column": 13 }
      },
      "189": {
        "start": { "line": 566, "column": 12 },
        "end": { "line": 588, "column": 13 }
      },
      "190": {
        "start": { "line": 567, "column": 14 },
        "end": { "line": 569, "column": 16 }
      },
      "191": {
        "start": { "line": 573, "column": 16 },
        "end": { "line": 574, "column": 56 }
      },
      "192": {
        "start": { "line": 575, "column": 14 },
        "end": { "line": 577, "column": 16 }
      },
      "193": {
        "start": { "line": 580, "column": 14 },
        "end": { "line": 580, "column": 49 }
      },
      "194": {
        "start": { "line": 583, "column": 40 },
        "end": { "line": 583, "column": 66 }
      },
      "195": {
        "start": { "line": 584, "column": 14 },
        "end": { "line": 587, "column": 17 }
      },
      "196": {
        "start": { "line": 591, "column": 12 },
        "end": { "line": 591, "column": 60 }
      },
      "197": {
        "start": { "line": 592, "column": 12 },
        "end": { "line": 594, "column": 14 }
      },
      "198": {
        "start": { "line": 597, "column": 12 },
        "end": { "line": 597, "column": 38 }
      },
      "199": {
        "start": { "line": 603, "column": 2 },
        "end": { "line": 964, "column": 4 }
      },
      "200": {
        "start": { "line": 608, "column": 8 },
        "end": { "line": 608, "column": 30 }
      },
      "201": {
        "start": { "line": 611, "column": 8 },
        "end": { "line": 614, "column": 9 }
      },
      "202": {
        "start": { "line": 612, "column": 10 },
        "end": { "line": 612, "column": 38 }
      },
      "203": {
        "start": { "line": 613, "column": 10 },
        "end": { "line": 613, "column": 27 }
      },
      "204": {
        "start": { "line": 636, "column": 33 },
        "end": { "line": 636, "column": 76 }
      },
      "205": {
        "start": { "line": 679, "column": 22 },
        "end": { "line": 694, "column": 28 }
      },
      "206": {
        "start": { "line": 686, "column": 49 },
        "end": { "line": 686, "column": 71 }
      },
      "207": {
        "start": { "line": 943, "column": 35 },
        "end": { "line": 943, "column": 53 }
      },
      "208": {
        "start": { "line": 959, "column": 35 },
        "end": { "line": 959, "column": 53 }
      }
    },
    "fnMap": {
      "0": {
        "name": "EDFPlotDialog",
        "decl": {
          "start": { "line": 38, "column": 16 },
          "end": { "line": 38, "column": 29 }
        },
        "loc": {
          "start": { "line": 42, "column": 23 },
          "end": { "line": 965, "column": 1 }
        },
        "line": 42
      },
      "1": {
        "name": "(anonymous_1)",
        "decl": {
          "start": { "line": 58, "column": 12 },
          "end": { "line": 58, "column": 13 }
        },
        "loc": {
          "start": { "line": 58, "column": 18 },
          "end": { "line": 67, "column": 3 }
        },
        "line": 58
      },
      "2": {
        "name": "(anonymous_2)",
        "decl": {
          "start": { "line": 100, "column": 30 },
          "end": { "line": 100, "column": 31 }
        },
        "loc": {
          "start": { "line": 101, "column": 4 },
          "end": { "line": 101, "column": 58 }
        },
        "line": 101
      },
      "3": {
        "name": "(anonymous_3)",
        "decl": {
          "start": { "line": 102, "column": 30 },
          "end": { "line": 102, "column": 31 }
        },
        "loc": {
          "start": { "line": 103, "column": 4 },
          "end": { "line": 103, "column": 58 }
        },
        "line": 103
      },
      "4": {
        "name": "(anonymous_4)",
        "decl": {
          "start": { "line": 104, "column": 22 },
          "end": { "line": 104, "column": 23 }
        },
        "loc": {
          "start": { "line": 105, "column": 4 },
          "end": { "line": 105, "column": 50 }
        },
        "line": 105
      },
      "5": {
        "name": "(anonymous_5)",
        "decl": {
          "start": { "line": 106, "column": 24 },
          "end": { "line": 106, "column": 25 }
        },
        "loc": {
          "start": { "line": 107, "column": 4 },
          "end": { "line": 107, "column": 52 }
        },
        "line": 107
      },
      "6": {
        "name": "(anonymous_6)",
        "decl": {
          "start": { "line": 108, "column": 32 },
          "end": { "line": 108, "column": 33 }
        },
        "loc": {
          "start": { "line": 109, "column": 4 },
          "end": { "line": 109, "column": 60 }
        },
        "line": 109
      },
      "7": {
        "name": "(anonymous_7)",
        "decl": {
          "start": { "line": 110, "column": 23 },
          "end": { "line": 110, "column": 24 }
        },
        "loc": {
          "start": { "line": 111, "column": 4 },
          "end": { "line": 111, "column": 51 }
        },
        "line": 111
      },
      "8": {
        "name": "(anonymous_8)",
        "decl": {
          "start": { "line": 112, "column": 24 },
          "end": { "line": 112, "column": 25 }
        },
        "loc": {
          "start": { "line": 113, "column": 4 },
          "end": { "line": 113, "column": 52 }
        },
        "line": 113
      },
      "9": {
        "name": "(anonymous_9)",
        "decl": {
          "start": { "line": 114, "column": 26 },
          "end": { "line": 114, "column": 27 }
        },
        "loc": {
          "start": { "line": 115, "column": 4 },
          "end": { "line": 115, "column": 54 }
        },
        "line": 115
      },
      "10": {
        "name": "(anonymous_10)",
        "decl": {
          "start": { "line": 116, "column": 27 },
          "end": { "line": 116, "column": 28 }
        },
        "loc": {
          "start": { "line": 117, "column": 4 },
          "end": { "line": 117, "column": 55 }
        },
        "line": 117
      },
      "11": {
        "name": "(anonymous_11)",
        "decl": {
          "start": { "line": 118, "column": 32 },
          "end": { "line": 118, "column": 33 }
        },
        "loc": {
          "start": { "line": 119, "column": 4 },
          "end": { "line": 119, "column": 60 }
        },
        "line": 119
      },
      "12": {
        "name": "(anonymous_12)",
        "decl": {
          "start": { "line": 120, "column": 25 },
          "end": { "line": 120, "column": 26 }
        },
        "loc": {
          "start": { "line": 121, "column": 4 },
          "end": { "line": 121, "column": 53 }
        },
        "line": 121
      },
      "13": {
        "name": "(anonymous_13)",
        "decl": {
          "start": { "line": 137, "column": 13 },
          "end": { "line": 137, "column": 14 }
        },
        "loc": {
          "start": { "line": 137, "column": 22 },
          "end": { "line": 160, "column": 5 }
        },
        "line": 137
      },
      "14": {
        "name": "(anonymous_14)",
        "decl": {
          "start": { "line": 148, "column": 22 },
          "end": { "line": 148, "column": 23 }
        },
        "loc": {
          "start": { "line": 148, "column": 32 },
          "end": { "line": 148, "column": 40 }
        },
        "line": 148
      },
      "15": {
        "name": "(anonymous_15)",
        "decl": {
          "start": { "line": 151, "column": 19 },
          "end": { "line": 151, "column": 20 }
        },
        "loc": {
          "start": { "line": 151, "column": 25 },
          "end": { "line": 154, "column": 9 }
        },
        "line": 151
      },
      "16": {
        "name": "(anonymous_16)",
        "decl": {
          "start": { "line": 168, "column": 12 },
          "end": { "line": 168, "column": 13 }
        },
        "loc": {
          "start": { "line": 168, "column": 18 },
          "end": { "line": 260, "column": 3 }
        },
        "line": 168
      },
      "17": {
        "name": "(anonymous_17)",
        "decl": {
          "start": { "line": 273, "column": 24 },
          "end": { "line": 273, "column": 25 }
        },
        "loc": {
          "start": { "line": 273, "column": 45 },
          "end": { "line": 279, "column": 3 }
        },
        "line": 273
      },
      "18": {
        "name": "(anonymous_18)",
        "decl": {
          "start": { "line": 275, "column": 50 },
          "end": { "line": 275, "column": 51 }
        },
        "loc": {
          "start": { "line": 275, "column": 58 },
          "end": { "line": 275, "column": 72 }
        },
        "line": 275
      },
      "19": {
        "name": "(anonymous_19)",
        "decl": {
          "start": { "line": 281, "column": 28 },
          "end": { "line": 281, "column": 29 }
        },
        "loc": {
          "start": { "line": 281, "column": 34 },
          "end": { "line": 285, "column": 3 }
        },
        "line": 281
      },
      "20": {
        "name": "(anonymous_20)",
        "decl": {
          "start": { "line": 287, "column": 30 },
          "end": { "line": 287, "column": 31 }
        },
        "loc": {
          "start": { "line": 287, "column": 36 },
          "end": { "line": 289, "column": 3 }
        },
        "line": 287
      },
      "21": {
        "name": "(anonymous_21)",
        "decl": {
          "start": { "line": 291, "column": 21 },
          "end": { "line": 291, "column": 22 }
        },
        "loc": {
          "start": { "line": 291, "column": 27 },
          "end": { "line": 318, "column": 3 }
        },
        "line": 291
      },
      "22": {
        "name": "(anonymous_22)",
        "decl": {
          "start": { "line": 320, "column": 33 },
          "end": { "line": 320, "column": 34 }
        },
        "loc": {
          "start": { "line": 320, "column": 63 },
          "end": { "line": 366, "column": 3 }
        },
        "line": 320
      },
      "23": {
        "name": "(anonymous_23)",
        "decl": {
          "start": { "line": 369, "column": 27 },
          "end": { "line": 369, "column": 28 }
        },
        "loc": {
          "start": { "line": 369, "column": 49 },
          "end": { "line": 397, "column": 3 }
        },
        "line": 369
      },
      "24": {
        "name": "(anonymous_24)",
        "decl": {
          "start": { "line": 401, "column": 23 },
          "end": { "line": 401, "column": 24 }
        },
        "loc": {
          "start": { "line": 401, "column": 29 },
          "end": { "line": 423, "column": 3 }
        },
        "line": 401
      },
      "25": {
        "name": "(anonymous_25)",
        "decl": {
          "start": { "line": 425, "column": 24 },
          "end": { "line": 425, "column": 25 }
        },
        "loc": {
          "start": { "line": 425, "column": 30 },
          "end": { "line": 447, "column": 3 }
        },
        "line": 425
      },
      "26": {
        "name": "(anonymous_26)",
        "decl": {
          "start": { "line": 449, "column": 26 },
          "end": { "line": 449, "column": 27 }
        },
        "loc": {
          "start": { "line": 449, "column": 32 },
          "end": { "line": 465, "column": 3 }
        },
        "line": 449
      },
      "27": {
        "name": "(anonymous_27)",
        "decl": {
          "start": { "line": 467, "column": 28 },
          "end": { "line": 467, "column": 29 }
        },
        "loc": {
          "start": { "line": 467, "column": 34 },
          "end": { "line": 533, "column": 3 }
        },
        "line": 467
      },
      "28": {
        "name": "(anonymous_28)",
        "decl": {
          "start": { "line": 486, "column": 17 },
          "end": { "line": 486, "column": 18 }
        },
        "loc": {
          "start": { "line": 486, "column": 23 },
          "end": { "line": 531, "column": 7 }
        },
        "line": 486
      },
      "29": {
        "name": "(anonymous_29)",
        "decl": {
          "start": { "line": 496, "column": 16 },
          "end": { "line": 496, "column": 17 }
        },
        "loc": {
          "start": { "line": 496, "column": 28 },
          "end": { "line": 521, "column": 11 }
        },
        "line": 496
      },
      "30": {
        "name": "(anonymous_30)",
        "decl": {
          "start": { "line": 522, "column": 17 },
          "end": { "line": 522, "column": 18 }
        },
        "loc": {
          "start": { "line": 522, "column": 26 },
          "end": { "line": 527, "column": 11 }
        },
        "line": 522
      },
      "31": {
        "name": "(anonymous_31)",
        "decl": {
          "start": { "line": 528, "column": 19 },
          "end": { "line": 528, "column": 20 }
        },
        "loc": {
          "start": { "line": 528, "column": 25 },
          "end": { "line": 530, "column": 11 }
        },
        "line": 528
      },
      "32": {
        "name": "(anonymous_32)",
        "decl": {
          "start": { "line": 535, "column": 24 },
          "end": { "line": 535, "column": 25 }
        },
        "loc": {
          "start": { "line": 535, "column": 30 },
          "end": { "line": 601, "column": 3 }
        },
        "line": 535
      },
      "33": {
        "name": "(anonymous_33)",
        "decl": {
          "start": { "line": 554, "column": 17 },
          "end": { "line": 554, "column": 18 }
        },
        "loc": {
          "start": { "line": 554, "column": 23 },
          "end": { "line": 599, "column": 7 }
        },
        "line": 554
      },
      "34": {
        "name": "(anonymous_34)",
        "decl": {
          "start": { "line": 564, "column": 16 },
          "end": { "line": 564, "column": 17 }
        },
        "loc": {
          "start": { "line": 564, "column": 28 },
          "end": { "line": 589, "column": 11 }
        },
        "line": 564
      },
      "35": {
        "name": "(anonymous_35)",
        "decl": {
          "start": { "line": 590, "column": 17 },
          "end": { "line": 590, "column": 18 }
        },
        "loc": {
          "start": { "line": 590, "column": 26 },
          "end": { "line": 595, "column": 11 }
        },
        "line": 590
      },
      "36": {
        "name": "(anonymous_36)",
        "decl": {
          "start": { "line": 596, "column": 19 },
          "end": { "line": 596, "column": 20 }
        },
        "loc": {
          "start": { "line": 596, "column": 25 },
          "end": { "line": 598, "column": 11 }
        },
        "line": 596
      },
      "37": {
        "name": "(anonymous_37)",
        "decl": {
          "start": { "line": 606, "column": 20 },
          "end": { "line": 606, "column": 21 }
        },
        "loc": {
          "start": { "line": 606, "column": 33 },
          "end": { "line": 615, "column": 7 }
        },
        "line": 606
      },
      "38": {
        "name": "(anonymous_38)",
        "decl": {
          "start": { "line": 636, "column": 26 },
          "end": { "line": 636, "column": 27 }
        },
        "loc": {
          "start": { "line": 636, "column": 33 },
          "end": { "line": 636, "column": 76 }
        },
        "line": 636
      },
      "39": {
        "name": "(anonymous_39)",
        "decl": {
          "start": { "line": 678, "column": 55 },
          "end": { "line": 678, "column": 56 }
        },
        "loc": {
          "start": { "line": 679, "column": 22 },
          "end": { "line": 694, "column": 28 }
        },
        "line": 679
      },
      "40": {
        "name": "(anonymous_40)",
        "decl": {
          "start": { "line": 686, "column": 43 },
          "end": { "line": 686, "column": 44 }
        },
        "loc": {
          "start": { "line": 686, "column": 49 },
          "end": { "line": 686, "column": 71 }
        },
        "line": 686
      },
      "41": {
        "name": "(anonymous_41)",
        "decl": {
          "start": { "line": 943, "column": 29 },
          "end": { "line": 943, "column": 30 }
        },
        "loc": {
          "start": { "line": 943, "column": 35 },
          "end": { "line": 943, "column": 53 }
        },
        "line": 943
      },
      "42": {
        "name": "(anonymous_42)",
        "decl": {
          "start": { "line": 959, "column": 29 },
          "end": { "line": 959, "column": 30 }
        },
        "loc": {
          "start": { "line": 959, "column": 35 },
          "end": { "line": 959, "column": 53 }
        },
        "line": 959
      }
    },
    "branchMap": {
      "0": {
        "loc": {
          "start": { "line": 59, "column": 4 },
          "end": { "line": 66, "column": 5 }
        },
        "type": "if",
        "locations": [
          {
            "start": { "line": 59, "column": 4 },
            "end": { "line": 66, "column": 5 }
          },
          { "start": {}, "end": {} }
        ],
        "line": 59
      },
      "1": {
        "loc": {
          "start": { "line": 59, "column": 8 },
          "end": { "line": 59, "column": 24 }
        },
        "type": "binary-expr",
        "locations": [
          {
            "start": { "line": 59, "column": 8 },
            "end": { "line": 59, "column": 12 }
          },
          {
            "start": { "line": 59, "column": 16 },
            "end": { "line": 59, "column": 24 }
          }
        ],
        "line": 59
      },
      "2": {
        "loc": {
          "start": { "line": 61, "column": 6 },
          "end": { "line": 65, "column": 7 }
        },
        "type": "if",
        "locations": [
          {
            "start": { "line": 61, "column": 6 },
            "end": { "line": 65, "column": 7 }
          },
          { "start": {}, "end": {} }
        ],
        "line": 61
      },
      "3": {
        "loc": {
          "start": { "line": 70, "column": 20 },
          "end": { "line": 82, "column": 3 }
        },
        "type": "binary-expr",
        "locations": [
          {
            "start": { "line": 70, "column": 20 },
            "end": { "line": 70, "column": 42 }
          },
          {
            "start": { "line": 70, "column": 46 },
            "end": { "line": 82, "column": 3 }
          }
        ],
        "line": 70
      },
      "4": {
        "loc": {
          "start": { "line": 129, "column": 8 },
          "end": { "line": 131, "column": 50 }
        },
        "type": "cond-expr",
        "locations": [
          {
            "start": { "line": 130, "column": 12 },
            "end": { "line": 130, "column": 54 }
          },
          {
            "start": { "line": 131, "column": 12 },
            "end": { "line": 131, "column": 50 }
          }
        ],
        "line": 129
      },
      "5": {
        "loc": {
          "start": { "line": 134, "column": 10 },
          "end": { "line": 134, "column": 28 }
        },
        "type": "binary-expr",
        "locations": [
          {
            "start": { "line": 134, "column": 10 },
            "end": { "line": 134, "column": 15 }
          },
          {
            "start": { "line": 134, "column": 19 },
            "end": { "line": 134, "column": 28 }
          }
        ],
        "line": 134
      },
      "6": {
        "loc": {
          "start": { "line": 139, "column": 6 },
          "end": { "line": 159, "column": 7 }
        },
        "type": "if",
        "locations": [
          {
            "start": { "line": 139, "column": 6 },
            "end": { "line": 159, "column": 7 }
          },
          {
            "start": { "line": 155, "column": 13 },
            "end": { "line": 159, "column": 7 }
          }
        ],
        "line": 139
      },
      "7": {
        "loc": {
          "start": { "line": 140, "column": 8 },
          "end": { "line": 141, "column": 22 }
        },
        "type": "binary-expr",
        "locations": [
          {
            "start": { "line": 140, "column": 8 },
            "end": { "line": 140, "column": 60 }
          },
          {
            "start": { "line": 141, "column": 8 },
            "end": { "line": 141, "column": 22 }
          }
        ],
        "line": 140
      },
      "8": {
        "loc": {
          "start": { "line": 155, "column": 13 },
          "end": { "line": 159, "column": 7 }
        },
        "type": "if",
        "locations": [
          {
            "start": { "line": 155, "column": 13 },
            "end": { "line": 159, "column": 7 }
          },
          { "start": {}, "end": {} }
        ],
        "line": 155
      },
      "9": {
        "loc": {
          "start": { "line": 164, "column": 21 },
          "end": { "line": 164, "column": 79 }
        },
        "type": "binary-expr",
        "locations": [
          {
            "start": { "line": 164, "column": 21 },
            "end": { "line": 164, "column": 56 }
          },
          {
            "start": { "line": 164, "column": 60 },
            "end": { "line": 164, "column": 79 }
          }
        ],
        "line": 164
      },
      "10": {
        "loc": {
          "start": { "line": 169, "column": 4 },
          "end": { "line": 259, "column": 5 }
        },
        "type": "if",
        "locations": [
          {
            "start": { "line": 169, "column": 4 },
            "end": { "line": 259, "column": 5 }
          },
          { "start": {}, "end": {} }
        ],
        "line": 169
      },
      "11": {
        "loc": {
          "start": { "line": 171, "column": 6 },
          "end": { "line": 195, "column": 7 }
        },
        "type": "if",
        "locations": [
          {
            "start": { "line": 171, "column": 6 },
            "end": { "line": 195, "column": 7 }
          },
          { "start": {}, "end": {} }
        ],
        "line": 171
      },
      "12": {
        "loc": {
          "start": { "line": 185, "column": 8 },
          "end": { "line": 187, "column": 9 }
        },
        "type": "if",
        "locations": [
          {
            "start": { "line": 185, "column": 8 },
            "end": { "line": 187, "column": 9 }
          },
          { "start": {}, "end": {} }
        ],
        "line": 185
      },
      "13": {
        "loc": {
          "start": { "line": 192, "column": 8 },
          "end": { "line": 194, "column": 9 }
        },
        "type": "if",
        "locations": [
          {
            "start": { "line": 192, "column": 8 },
            "end": { "line": 194, "column": 9 }
          },
          { "start": {}, "end": {} }
        ],
        "line": 192
      },
      "14": {
        "loc": {
          "start": { "line": 203, "column": 6 },
          "end": { "line": 215, "column": 7 }
        },
        "type": "if",
        "locations": [
          {
            "start": { "line": 203, "column": 6 },
            "end": { "line": 215, "column": 7 }
          },
          {
            "start": { "line": 209, "column": 13 },
            "end": { "line": 215, "column": 7 }
          }
        ],
        "line": 203
      },
      "15": {
        "loc": {
          "start": { "line": 229, "column": 6 },
          "end": { "line": 237, "column": 7 }
        },
        "type": "if",
        "locations": [
          {
            "start": { "line": 229, "column": 6 },
            "end": { "line": 237, "column": 7 }
          },
          { "start": {}, "end": {} }
        ],
        "line": 229
      },
      "16": {
        "loc": {
          "start": { "line": 230, "column": 8 },
          "end": { "line": 231, "column": 58 }
        },
        "type": "binary-expr",
        "locations": [
          {
            "start": { "line": 230, "column": 8 },
            "end": { "line": 230, "column": 58 }
          },
          {
            "start": { "line": 231, "column": 8 },
            "end": { "line": 231, "column": 58 }
          }
        ],
        "line": 230
      },
      "17": {
        "loc": {
          "start": { "line": 246, "column": 6 },
          "end": { "line": 258, "column": 7 }
        },
        "type": "if",
        "locations": [
          {
            "start": { "line": 246, "column": 6 },
            "end": { "line": 258, "column": 7 }
          },
          {
            "start": { "line": 252, "column": 13 },
            "end": { "line": 258, "column": 7 }
          }
        ],
        "line": 246
      },
      "18": {
        "loc": {
          "start": { "line": 252, "column": 13 },
          "end": { "line": 258, "column": 7 }
        },
        "type": "if",
        "locations": [
          {
            "start": { "line": 252, "column": 13 },
            "end": { "line": 258, "column": 7 }
          },
          { "start": {}, "end": {} }
        ],
        "line": 252
      },
      "19": {
        "loc": {
          "start": { "line": 274, "column": 4 },
          "end": { "line": 278, "column": 5 }
        },
        "type": "if",
        "locations": [
          {
            "start": { "line": 274, "column": 4 },
            "end": { "line": 278, "column": 5 }
          },
          {
            "start": { "line": 276, "column": 11 },
            "end": { "line": 278, "column": 5 }
          }
        ],
        "line": 274
      },
      "20": {
        "loc": {
          "start": { "line": 282, "column": 4 },
          "end": { "line": 284, "column": 5 }
        },
        "type": "if",
        "locations": [
          {
            "start": { "line": 282, "column": 4 },
            "end": { "line": 284, "column": 5 }
          },
          { "start": {}, "end": {} }
        ],
        "line": 282
      },
      "21": {
        "loc": {
          "start": { "line": 295, "column": 4 },
          "end": { "line": 314, "column": 5 }
        },
        "type": "if",
        "locations": [
          {
            "start": { "line": 295, "column": 4 },
            "end": { "line": 314, "column": 5 }
          },
          {
            "start": { "line": 310, "column": 11 },
            "end": { "line": 314, "column": 5 }
          }
        ],
        "line": 295
      },
      "22": {
        "loc": {
          "start": { "line": 322, "column": 4 },
          "end": { "line": 349, "column": 5 }
        },
        "type": "if",
        "locations": [
          {
            "start": { "line": 322, "column": 4 },
            "end": { "line": 349, "column": 5 }
          },
          {
            "start": { "line": 346, "column": 11 },
            "end": { "line": 349, "column": 5 }
          }
        ],
        "line": 322
      },
      "23": {
        "loc": {
          "start": { "line": 330, "column": 6 },
          "end": { "line": 336, "column": 7 }
        },
        "type": "if",
        "locations": [
          {
            "start": { "line": 330, "column": 6 },
            "end": { "line": 336, "column": 7 }
          },
          {
            "start": { "line": 332, "column": 13 },
            "end": { "line": 336, "column": 7 }
          }
        ],
        "line": 330
      },
      "24": {
        "loc": {
          "start": { "line": 332, "column": 13 },
          "end": { "line": 336, "column": 7 }
        },
        "type": "if",
        "locations": [
          {
            "start": { "line": 332, "column": 13 },
            "end": { "line": 336, "column": 7 }
          },
          {
            "start": { "line": 334, "column": 13 },
            "end": { "line": 336, "column": 7 }
          }
        ],
        "line": 332
      },
      "25": {
        "loc": {
          "start": { "line": 370, "column": 4 },
          "end": { "line": 370, "column": 39 }
        },
        "type": "if",
        "locations": [
          {
            "start": { "line": 370, "column": 4 },
            "end": { "line": 370, "column": 39 }
          },
          { "start": {}, "end": {} }
        ],
        "line": 370
      },
      "26": {
        "loc": {
          "start": { "line": 392, "column": 10 },
          "end": { "line": 392, "column": 62 }
        },
        "type": "cond-expr",
        "locations": [
          {
            "start": { "line": 392, "column": 33 },
            "end": { "line": 392, "column": 44 }
          },
          {
            "start": { "line": 392, "column": 47 },
            "end": { "line": 392, "column": 62 }
          }
        ],
        "line": 392
      },
      "27": {
        "loc": {
          "start": { "line": 402, "column": 4 },
          "end": { "line": 422, "column": 5 }
        },
        "type": "if",
        "locations": [
          {
            "start": { "line": 402, "column": 4 },
            "end": { "line": 422, "column": 5 }
          },
          { "start": {}, "end": {} }
        ],
        "line": 402
      },
      "28": {
        "loc": {
          "start": { "line": 402, "column": 8 },
          "end": { "line": 402, "column": 33 }
        },
        "type": "binary-expr",
        "locations": [
          {
            "start": { "line": 402, "column": 8 },
            "end": { "line": 402, "column": 22 }
          },
          {
            "start": { "line": 402, "column": 26 },
            "end": { "line": 402, "column": 33 }
          }
        ],
        "line": 402
      },
      "29": {
        "loc": {
          "start": { "line": 426, "column": 4 },
          "end": { "line": 446, "column": 5 }
        },
        "type": "if",
        "locations": [
          {
            "start": { "line": 426, "column": 4 },
            "end": { "line": 446, "column": 5 }
          },
          { "start": {}, "end": {} }
        ],
        "line": 426
      },
      "30": {
        "loc": {
          "start": { "line": 426, "column": 8 },
          "end": { "line": 426, "column": 34 }
        },
        "type": "binary-expr",
        "locations": [
          {
            "start": { "line": 426, "column": 8 },
            "end": { "line": 426, "column": 23 }
          },
          {
            "start": { "line": 426, "column": 27 },
            "end": { "line": 426, "column": 34 }
          }
        ],
        "line": 426
      },
      "31": {
        "loc": {
          "start": { "line": 452, "column": 4 },
          "end": { "line": 464, "column": 5 }
        },
        "type": "if",
        "locations": [
          {
            "start": { "line": 452, "column": 4 },
            "end": { "line": 464, "column": 5 }
          },
          {
            "start": { "line": 461, "column": 11 },
            "end": { "line": 464, "column": 5 }
          }
        ],
        "line": 452
      },
      "32": {
        "loc": {
          "start": { "line": 468, "column": 4 },
          "end": { "line": 532, "column": 5 }
        },
        "type": "if",
        "locations": [
          {
            "start": { "line": 468, "column": 4 },
            "end": { "line": 532, "column": 5 }
          },
          { "start": {}, "end": {} }
        ],
        "line": 468
      },
      "33": {
        "loc": {
          "start": { "line": 468, "column": 8 },
          "end": { "line": 468, "column": 50 }
        },
        "type": "binary-expr",
        "locations": [
          {
            "start": { "line": 468, "column": 8 },
            "end": { "line": 468, "column": 30 }
          },
          {
            "start": { "line": 468, "column": 34 },
            "end": { "line": 468, "column": 50 }
          }
        ],
        "line": 468
      },
      "34": {
        "loc": {
          "start": { "line": 498, "column": 12 },
          "end": { "line": 520, "column": 13 }
        },
        "type": "if",
        "locations": [
          {
            "start": { "line": 498, "column": 12 },
            "end": { "line": 520, "column": 13 }
          },
          {
            "start": { "line": 502, "column": 19 },
            "end": { "line": 520, "column": 13 }
          }
        ],
        "line": 498
      },
      "35": {
        "loc": {
          "start": { "line": 525, "column": 38 },
          "end": { "line": 525, "column": 68 }
        },
        "type": "binary-expr",
        "locations": [
          {
            "start": { "line": 525, "column": 38 },
            "end": { "line": 525, "column": 49 }
          },
          {
            "start": { "line": 525, "column": 53 },
            "end": { "line": 525, "column": 68 }
          }
        ],
        "line": 525
      },
      "36": {
        "loc": {
          "start": { "line": 536, "column": 4 },
          "end": { "line": 600, "column": 5 }
        },
        "type": "if",
        "locations": [
          {
            "start": { "line": 536, "column": 4 },
            "end": { "line": 600, "column": 5 }
          },
          { "start": {}, "end": {} }
        ],
        "line": 536
      },
      "37": {
        "loc": {
          "start": { "line": 536, "column": 8 },
          "end": { "line": 536, "column": 60 }
        },
        "type": "binary-expr",
        "locations": [
          {
            "start": { "line": 536, "column": 8 },
            "end": { "line": 536, "column": 40 }
          },
          {
            "start": { "line": 536, "column": 44 },
            "end": { "line": 536, "column": 60 }
          }
        ],
        "line": 536
      },
      "38": {
        "loc": {
          "start": { "line": 566, "column": 12 },
          "end": { "line": 588, "column": 13 }
        },
        "type": "if",
        "locations": [
          {
            "start": { "line": 566, "column": 12 },
            "end": { "line": 588, "column": 13 }
          },
          {
            "start": { "line": 570, "column": 19 },
            "end": { "line": 588, "column": 13 }
          }
        ],
        "line": 566
      },
      "39": {
        "loc": {
          "start": { "line": 593, "column": 38 },
          "end": { "line": 593, "column": 68 }
        },
        "type": "binary-expr",
        "locations": [
          {
            "start": { "line": 593, "column": 38 },
            "end": { "line": 593, "column": 49 }
          },
          {
            "start": { "line": 593, "column": 53 },
            "end": { "line": 593, "column": 68 }
          }
        ],
        "line": 593
      },
      "40": {
        "loc": {
          "start": { "line": 611, "column": 8 },
          "end": { "line": 614, "column": 9 }
        },
        "type": "if",
        "locations": [
          {
            "start": { "line": 611, "column": 8 },
            "end": { "line": 614, "column": 9 }
          },
          { "start": {}, "end": {} }
        ],
        "line": 611
      },
      "41": {
        "loc": {
          "start": { "line": 618, "column": 39 },
          "end": { "line": 618, "column": 70 }
        },
        "type": "cond-expr",
        "locations": [
          {
            "start": { "line": 618, "column": 50 },
            "end": { "line": 618, "column": 65 }
          },
          {
            "start": { "line": 618, "column": 68 },
            "end": { "line": 618, "column": 70 }
          }
        ],
        "line": 618
      },
      "42": {
        "loc": {
          "start": { "line": 624, "column": 9 },
          "end": { "line": 947, "column": 9 }
        },
        "type": "cond-expr",
        "locations": [
          {
            "start": { "line": 625, "column": 10 },
            "end": { "line": 713, "column": 16 }
          },
          {
            "start": { "line": 714, "column": 12 },
            "end": { "line": 947, "column": 9 }
          }
        ],
        "line": 624
      },
      "43": {
        "loc": {
          "start": { "line": 641, "column": 13 },
          "end": { "line": 712, "column": 20 }
        },
        "type": "cond-expr",
        "locations": [
          {
            "start": { "line": 642, "column": 14 },
            "end": { "line": 644, "column": 20 }
          },
          {
            "start": { "line": 645, "column": 16 },
            "end": { "line": 712, "column": 20 }
          }
        ],
        "line": 641
      },
      "44": {
        "loc": {
          "start": { "line": 645, "column": 16 },
          "end": { "line": 712, "column": 20 }
        },
        "type": "cond-expr",
        "locations": [
          {
            "start": { "line": 646, "column": 14 },
            "end": { "line": 653, "column": 22 }
          },
          {
            "start": { "line": 654, "column": 16 },
            "end": { "line": 712, "column": 20 }
          }
        ],
        "line": 645
      },
      "45": {
        "loc": {
          "start": { "line": 645, "column": 16 },
          "end": { "line": 645, "column": 43 }
        },
        "type": "binary-expr",
        "locations": [
          {
            "start": { "line": 645, "column": 16 },
            "end": { "line": 645, "column": 21 }
          },
          {
            "start": { "line": 645, "column": 25 },
            "end": { "line": 645, "column": 43 }
          }
        ],
        "line": 645
      },
      "46": {
        "loc": {
          "start": { "line": 648, "column": 19 },
          "end": { "line": 651, "column": 22 }
        },
        "type": "binary-expr",
        "locations": [
          {
            "start": { "line": 648, "column": 19 },
            "end": { "line": 648, "column": 37 }
          },
          {
            "start": { "line": 649, "column": 20 },
            "end": { "line": 651, "column": 22 }
          }
        ],
        "line": 648
      },
      "47": {
        "loc": {
          "start": { "line": 650, "column": 22 },
          "end": { "line": 650, "column": 55 }
        },
        "type": "binary-expr",
        "locations": [
          {
            "start": { "line": 650, "column": 22 },
            "end": { "line": 650, "column": 36 }
          },
          {
            "start": { "line": 650, "column": 40 },
            "end": { "line": 650, "column": 55 }
          }
        ],
        "line": 650
      },
      "48": {
        "loc": {
          "start": { "line": 654, "column": 16 },
          "end": { "line": 712, "column": 20 }
        },
        "type": "cond-expr",
        "locations": [
          {
            "start": { "line": 655, "column": 14 },
            "end": { "line": 711, "column": 17 }
          },
          {
            "start": { "line": 712, "column": 16 },
            "end": { "line": 712, "column": 20 }
          }
        ],
        "line": 654
      },
      "49": {
        "loc": {
          "start": { "line": 714, "column": 12 },
          "end": { "line": 947, "column": 9 }
        },
        "type": "cond-expr",
        "locations": [
          {
            "start": { "line": 715, "column": 10 },
            "end": { "line": 738, "column": 16 }
          },
          {
            "start": { "line": 739, "column": 12 },
            "end": { "line": 947, "column": 9 }
          }
        ],
        "line": 714
      },
      "50": {
        "loc": {
          "start": { "line": 714, "column": 12 },
          "end": { "line": 714, "column": 52 }
        },
        "type": "binary-expr",
        "locations": [
          {
            "start": { "line": 714, "column": 12 },
            "end": { "line": 714, "column": 19 }
          },
          {
            "start": { "line": 714, "column": 24 },
            "end": { "line": 714, "column": 39 }
          },
          {
            "start": { "line": 714, "column": 43 },
            "end": { "line": 714, "column": 51 }
          }
        ],
        "line": 714
      },
      "51": {
        "loc": {
          "start": { "line": 721, "column": 17 },
          "end": { "line": 725, "column": 31 }
        },
        "type": "cond-expr",
        "locations": [
          {
            "start": { "line": 722, "column": 20 },
            "end": { "line": 722, "column": 41 }
          },
          {
            "start": { "line": 723, "column": 20 },
            "end": { "line": 725, "column": 31 }
          }
        ],
        "line": 721
      },
      "52": {
        "loc": {
          "start": { "line": 724, "column": 22 },
          "end": { "line": 724, "column": 76 }
        },
        "type": "cond-expr",
        "locations": [
          {
            "start": { "line": 724, "column": 57 },
            "end": { "line": 724, "column": 63 }
          },
          {
            "start": { "line": 724, "column": 66 },
            "end": { "line": 724, "column": 76 }
          }
        ],
        "line": 724
      },
      "53": {
        "loc": {
          "start": { "line": 727, "column": 15 },
          "end": { "line": 736, "column": 15 }
        },
        "type": "binary-expr",
        "locations": [
[...]
            "end": { "line": 109, "column": 26 }
          },
          {
            "start": { "line": 109, "column": 30 },
            "end": { "line": 109, "column": 51 }
          }
        ],
        "line": 109
      },
      "6": {
        "loc": {
          "start": { "line": 119, "column": 6 },
          "end": { "line": 124, "column": 7 }
        },
        "type": "if",
        "locations": [
          {
            "start": { "line": 119, "column": 6 },
            "end": { "line": 124, "column": 7 }
          },
          { "start": {}, "end": {} }
        ],
        "line": 119
      },
      "7": {
        "loc": {
          "start": { "line": 162, "column": 8 },
          "end": { "line": 162, "column": 28 }
        },
        "type": "if",
        "locations": [
          {
            "start": { "line": 162, "column": 8 },
            "end": { "line": 162, "column": 28 }
          },
          { "start": {}, "end": {} }
        ],
        "line": 162
      },
      "8": {
        "loc": {
          "start": { "line": 181, "column": 6 },
          "end": { "line": 183, "column": 7 }
        },
        "type": "if",
        "locations": [
          {
            "start": { "line": 181, "column": 6 },
            "end": { "line": 183, "column": 7 }
          },
          { "start": {}, "end": {} }
        ],
        "line": 181
      }
    },
    "s": {
      "0": 3,
      "1": 3,
      "2": 3,
      "3": 3,
      "4": 0,
      "5": 0,
      "6": 3,
      "7": 3,
      "8": 0,
      "9": 0,
      "10": 0,
      "11": 0,
      "12": 0,
      "13": 0,
      "14": 3,
      "15": 0,
      "16": 0,
      "17": 0,
      "18": 0,
      "19": 0,
      "20": 0,
      "21": 0,
      "22": 0,
      "23": 0,
      "24": 0,
      "25": 0,
      "26": 0,
      "27": 0,
      "28": 0,
      "29": 0,
      "30": 3,
      "31": 3,
      "32": 0,
      "33": 0,
      "34": 0,
      "35": 0,
      "36": 0,
      "37": 0,
      "38": 0,
      "39": 0,
      "40": 0,
      "41": 0,
      "42": 0,
      "43": 0,
      "44": 0,
      "45": 0,
      "46": 0,
      "47": 0,
      "48": 0,
      "49": 0,
      "50": 0,
      "51": 0,
      "52": 0
    },
    "f": {
      "0": 0,
      "1": 0,
      "2": 0,
      "3": 0,
      "4": 0,
      "5": 0,
      "6": 0,
      "7": 0,
      "8": 0,
      "9": 0,
      "10": 0,
      "11": 0,
      "12": 0,
      "13": 0,
      "14": 0,
      "15": 0,
      "16": 0,
      "17": 0
    },
    "b": {
      "0": [0, 0],
      "1": [0, 0, 0, 0],
      "2": [0, 0],
      "3": [0, 0],
      "4": [0, 0],
      "5": [0, 0],
      "6": [0, 0],
      "7": [0, 0],
      "8": [0, 0]
    },
    "_coverageSchema": "1a1c01bbd47fc00a2c39e90264f33305004495a9",
    "hash": "a33a93eb615a9d7aa782ad961fa15ebda8eebcf7"
  },
  "/Users/simon/Desktop/DDALAB/ddalab-web/lib/config.ts": {
    "path": "/Users/simon/Desktop/DDALAB/ddalab-web/lib/config.ts",
    "statementMap": {
      "0": {
        "start": { "line": 4, "column": 22 },
        "end": { "line": 26, "column": 1 }
      }
    },
    "fnMap": {},
    "branchMap": {
      "0": {
        "loc": {
          "start": { "line": 7, "column": 13 },
          "end": { "line": 7, "column": 73 }
        },
        "type": "binary-expr",
        "locations": [
          {
            "start": { "line": 7, "column": 13 },
            "end": { "line": 7, "column": 44 }
          },
          {
            "start": { "line": 7, "column": 48 },
            "end": { "line": 7, "column": 73 }
          }
        ],
        "line": 7
      }
    },
    "s": { "0": 2 },
    "f": {},
    "b": { "0": [2, 2] },
    "_coverageSchema": "1a1c01bbd47fc00a2c39e90264f33305004495a9",
    "hash": "d736c5844d695bdb94c6aabc5bf5fc84b84f9e17"
  },
  "/Users/simon/Desktop/DDALAB/ddalab-web/lib/edf-parser.ts": {
    "path": "/Users/simon/Desktop/DDALAB/ddalab-web/lib/edf-parser.ts",
    "statementMap": {
      "0": {
        "start": { "line": 9, "column": 2 },
        "end": { "line": 44, "column": 4 }
      },
      "1": {
        "start": { "line": 10, "column": 19 },
        "end": { "line": 10, "column": 35 }
      },
      "2": {
        "start": { "line": 12, "column": 4 },
        "end": { "line": 36, "column": 5 }
      },
      "3": {
        "start": { "line": 13, "column": 6 },
        "end": { "line": 35, "column": 7 }
      },
      "4": {
        "start": { "line": 14, "column": 8 },
        "end": { "line": 16, "column": 9 }
      },
      "5": {
        "start": { "line": 15, "column": 10 },
        "end": { "line": 15, "column": 48 }
      },
      "6": {
        "start": { "line": 18, "column": 23 },
        "end": { "line": 18, "column": 57 }
      },
      "7": {
        "start": { "line": 19, "column": 8 },
        "end": { "line": 19, "column": 82 }
      },
      "8": {
        "start": { "line": 21, "column": 8 },
        "end": { "line": 23, "column": 9 }
      },
      "9": {
        "start": { "line": 22, "column": 10 },
        "end": { "line": 22, "column": 69 }
      },
      "10": {
        "start": { "line": 26, "column": 30 },
        "end": { "line": 26, "column": 63 }
      },
      "11": {
        "start": { "line": 27, "column": 8 },
        "end": { "line": 27, "column": 96 }
      },
      "12": {
        "start": { "line": 28, "column": 8 },
        "end": { "line": 28, "column": 30 }
      },
      "13": {
        "start": { "line": 30, "column": 8 },
        "end": { "line": 30, "column": 55 }
      },
      "14": {
        "start": { "line": 32, "column": 30 },
        "end": { "line": 32, "column": 63 }
      },
      "15": {
        "start": { "line": 33, "column": 8 },
        "end": { "line": 33, "column": 100 }
      },
      "16": {
        "start": { "line": 34, "column": 8 },
        "end": { "line": 34, "column": 30 }
      },
      "17": {
        "start": { "line": 38, "column": 4 },
        "end": { "line": 41, "column": 5 }
      },
      "18": {
        "start": { "line": 39, "column": 6 },
        "end": { "line": 39, "column": 48 }
      },
      "19": {
        "start": { "line": 40, "column": 6 },
        "end": { "line": 40, "column": 45 }
      },
      "20": {
        "start": { "line": 43, "column": 4 },
        "end": { "line": 43, "column": 34 }
      },
      "21": {
        "start": { "line": 50, "column": 23 },
        "end": { "line": 50, "column": 92 }
      },
      "22": {
        "start": { "line": 50, "column": 64 },
        "end": { "line": 50, "column": 88 }
      },
      "23": {
        "start": { "line": 51, "column": 23 },
        "end": { "line": 51, "column": 45 }
      },
      "24": {
        "start": { "line": 54, "column": 29 },
        "end": { "line": 54, "column": 31 }
      },
      "25": {
        "start": { "line": 55, "column": 2 },
        "end": { "line": 84, "column": 3 }
      },
      "26": {
        "start": { "line": 55, "column": 15 },
        "end": { "line": 55, "column": 16 }
      },
      "27": {
        "start": { "line": 57, "column": 29 },
        "end": { "line": 77, "column": 5 }
      },
      "28": {
        "start": { "line": 79, "column": 4 },
        "end": { "line": 83, "column": 5 }
      },
      "29": {
        "start": { "line": 80, "column": 6 },
        "end": { "line": 80, "column": 40 }
      },
      "30": {
        "start": { "line": 82, "column": 6 },
        "end": { "line": 82, "column": 33 }
      },
      "31": {
        "start": { "line": 87, "column": 21 },
        "end": { "line": 87, "column": 24 }
      },
      "32": {
        "start": { "line": 88, "column": 19 },
        "end": { "line": 88, "column": 44 }
      },
      "33": {
        "start": { "line": 91, "column": 28 },
        "end": { "line": 91, "column": 61 }
      },
      "34": {
        "start": { "line": 94, "column": 15 },
        "end": { "line": 94, "column": 72 }
      },
      "35": {
        "start": { "line": 97, "column": 20 },
        "end": { "line": 97, "column": 30 }
      },
      "36": {
        "start": { "line": 98, "column": 2 },
        "end": { "line": 98, "column": 46 }
      },
      "37": {
        "start": { "line": 100, "column": 2 },
        "end": { "line": 107, "column": 3 }
      },
      "38": {
        "start": { "line": 112, "column": 27 },
        "end": { "line": 112, "column": 29 }
      },
      "39": {
        "start": { "line": 114, "column": 2 },
        "end": { "line": 155, "column": 3 }
      },
      "40": {
        "start": { "line": 114, "column": 21 },
        "end": { "line": 114, "column": 22 }
      },
      "41": {
        "start": { "line": 115, "column": 34 },
        "end": { "line": 115, "column": 36 }
      },
      "42": {
        "start": { "line": 118, "column": 21 },
        "end": { "line": 118, "column": 42 }
      },
      "43": {
        "start": { "line": 119, "column": 20 },
        "end": { "line": 119, "column": 42 }
      },
      "44": {
        "start": { "line": 122, "column": 30 },
        "end": { "line": 122, "column": 34 }
      },
      "45": {
        "start": { "line": 123, "column": 21 },
        "end": { "line": 123, "column": 69 }
      },
      "46": {
        "start": { "line": 125, "column": 4 },
        "end": { "line": 152, "column": 5 }
      },
      "47": {
        "start": { "line": 125, "column": 23 },
        "end": { "line": 125, "column": 24 }
      },
      "48": {
        "start": { "line": 126, "column": 27 },
        "end": { "line": 126, "column": 54 }
      },
      "49": {
        "start": { "line": 127, "column": 25 },
        "end": { "line": 127, "column": 86 }
      },
      "50": {
        "start": { "line": 129, "column": 6 },
        "end": { "line": 151, "column": 7 }
      },
      "51": {
        "start": { "line": 129, "column": 19 },
        "end": { "line": 129, "column": 31 }
      },
      "52": {
        "start": { "line": 131, "column": 21 },
        "end": { "line": 131, "column": 22 }
      },
      "53": {
        "start": { "line": 134, "column": 8 },
        "end": { "line": 134, "column": 86 }
      },
      "54": {
        "start": { "line": 137, "column": 8 },
        "end": { "line": 137, "column": 98 }
      },
      "55": {
        "start": { "line": 140, "column": 8 },
        "end": { "line": 140, "column": 98 }
      },
      "56": {
        "start": { "line": 143, "column": 8 },
        "end": { "line": 143, "column": 55 }
      },
      "57": {
        "start": { "line": 146, "column": 8 },
        "end": { "line": 148, "column": 9 }
      },
      "58": {
        "start": { "line": 147, "column": 10 },
        "end": { "line": 147, "column": 80 }
      },
      "59": {
        "start": { "line": 150, "column": 8 },
        "end": { "line": 150, "column": 32 }
      },
      "60": {
        "start": { "line": 154, "column": 4 },
        "end": { "line": 154, "column": 26 }
      },
      "61": {
        "start": { "line": 157, "column": 2 },
        "end": { "line": 157, "column": 13 }
      }
    },
    "fnMap": {
      "0": {
        "name": "parseEDFFile",
        "decl": {
          "start": { "line": 8, "column": 22 },
          "end": { "line": 8, "column": 34 }
        },
        "loc": {
          "start": { "line": 8, "column": 65 },
          "end": { "line": 45, "column": 1 }
        },
        "line": 8
      },
      "1": {
        "name": "(anonymous_1)",
        "decl": {
          "start": { "line": 9, "column": 21 },
          "end": { "line": 9, "column": 22 }
        },
        "loc": {
          "start": { "line": 9, "column": 42 },
          "end": { "line": 44, "column": 3 }
        },
        "line": 9
      },
      "2": {
        "name": "(anonymous_2)",
        "decl": {
          "start": { "line": 12, "column": 20 },
          "end": { "line": 12, "column": 21 }
        },
        "loc": {
          "start": { "line": 12, "column": 31 },
          "end": { "line": 36, "column": 5 }
        },
        "line": 12
      },
      "3": {
        "name": "(anonymous_3)",
        "decl": {
          "start": { "line": 38, "column": 21 },
          "end": { "line": 38, "column": 22 }
        },
        "loc": {
          "start": { "line": 38, "column": 32 },
          "end": { "line": 41, "column": 5 }
        },
        "line": 38
      },
      "4": {
        "name": "createSimulatedEEGData",
        "decl": {
          "start": { "line": 48, "column": 9 },
          "end": { "line": 48, "column": 31 }
        },
        "loc": {
          "start": { "line": 48, "column": 59 },
          "end": { "line": 108, "column": 1 }
        },
        "line": 48
      },
      "5": {
        "name": "(anonymous_5)",
        "decl": {
          "start": { "line": 50, "column": 49 },
          "end": { "line": 50, "column": 50 }
        },
        "loc": {
          "start": { "line": 50, "column": 64 },
          "end": { "line": 50, "column": 88 }
        },
        "line": 50
      },
      "6": {
        "name": "generateSimulatedEEGData",
        "decl": {
          "start": { "line": 111, "column": 9 },
          "end": { "line": 111, "column": 33 }
        },
        "loc": {
          "start": { "line": 111, "column": 95 },
          "end": { "line": 158, "column": 1 }
        },
        "line": 111
      }
    },
    "branchMap": {
      "0": {
        "loc": {
          "start": { "line": 14, "column": 8 },
          "end": { "line": 16, "column": 9 }
        },
        "type": "if",
        "locations": [
          {
            "start": { "line": 14, "column": 8 },
            "end": { "line": 16, "column": 9 }
          },
          { "start": {}, "end": {} }
        ],
        "line": 14
      },
      "1": {
        "loc": {
          "start": { "line": 14, "column": 12 },
          "end": { "line": 14, "column": 49 }
        },
        "type": "binary-expr",
        "locations": [
          {
            "start": { "line": 14, "column": 12 },
            "end": { "line": 14, "column": 25 }
          },
          {
            "start": { "line": 14, "column": 29 },
            "end": { "line": 14, "column": 49 }
          }
        ],
        "line": 14
      },
      "2": {
        "loc": {
          "start": { "line": 21, "column": 8 },
          "end": { "line": 23, "column": 9 }
        },
        "type": "if",
        "locations": [
          {
            "start": { "line": 21, "column": 8 },
            "end": { "line": 23, "column": 9 }
          },
          { "start": {}, "end": {} }
        ],
        "line": 21
      },
      "3": {
        "loc": {
          "start": { "line": 79, "column": 4 },
          "end": { "line": 83, "column": 5 }
        },
        "type": "if",
        "locations": [
          {
            "start": { "line": 79, "column": 4 },
            "end": { "line": 83, "column": 5 }
          },
          {
            "start": { "line": 81, "column": 11 },
            "end": { "line": 83, "column": 5 }
          }
        ],
        "line": 79
      },
      "4": {
        "loc": {
          "start": { "line": 146, "column": 8 },
          "end": { "line": 148, "column": 9 }
        },
        "type": "if",
        "locations": [
          {
            "start": { "line": 146, "column": 8 },
            "end": { "line": 148, "column": 9 }
          },
          { "start": {}, "end": {} }
        ],
        "line": 146
      },
      "5": {
        "loc": {
          "start": { "line": 147, "column": 51 },
          "end": { "line": 147, "column": 79 }
        },
        "type": "cond-expr",
        "locations": [
          {
            "start": { "line": 147, "column": 73 },
            "end": { "line": 147, "column": 74 }
          },
          {
            "start": { "line": 147, "column": 77 },
            "end": { "line": 147, "column": 79 }
          }
        ],
        "line": 147
      }
    },
    "s": {
      "0": 0,
      "1": 0,
      "2": 0,
      "3": 0,
      "4": 0,
      "5": 0,
      "6": 0,
      "7": 0,
      "8": 0,
      "9": 0,
      "10": 0,
      "11": 0,
      "12": 0,
      "13": 0,
      "14": 0,
      "15": 0,
      "16": 0,
      "17": 0,
      "18": 0,
      "19": 0,
      "20": 0,
      "21": 0,
      "22": 0,
      "23": 0,
      "24": 0,
      "25": 0,
      "26": 0,
      "27": 0,
      "28": 0,
      "29": 0,
      "30": 0,
      "31": 0,
      "32": 0,
      "33": 0,
      "34": 0,
      "35": 0,
      "36": 0,
      "37": 0,
      "38": 0,
      "39": 0,
      "40": 0,
      "41": 0,
      "42": 0,
      "43": 0,
      "44": 0,
      "45": 0,
      "46": 0,
      "47": 0,
      "48": 0,
      "49": 0,
      "50": 0,
      "51": 0,
      "52": 0,
      "53": 0,
      "54": 0,
      "55": 0,
      "56": 0,
      "57": 0,
      "58": 0,
      "59": 0,
      "60": 0,
      "61": 0
    },
    "f": { "0": 0, "1": 0, "2": 0, "3": 0, "4": 0, "5": 0, "6": 0 },
    "b": {
      "0": [0, 0],
      "1": [0, 0],
      "2": [0, 0],
      "3": [0, 0],
      "4": [0, 0],
      "5": [0, 0]
    },
    "_coverageSchema": "1a1c01bbd47fc00a2c39e90264f33305004495a9",
    "hash": "3f8b37687e2f5acb73f96a500890d62212e42259"
  },
  "/Users/simon/Desktop/DDALAB/ddalab-web/lib/utils.ts": {
    "path": "/Users/simon/Desktop/DDALAB/ddalab-web/lib/utils.ts",
    "statementMap": {
      "0": {
        "start": { "line": 5, "column": 2 },
        "end": { "line": 5, "column": 30 }
      }
    },
    "fnMap": {
      "0": {
        "name": "cn",
        "decl": {
          "start": { "line": 4, "column": 16 },
          "end": { "line": 4, "column": 18 }
        },
        "loc": {
          "start": { "line": 4, "column": 44 },
          "end": { "line": 6, "column": 1 }
        },
        "line": 4
      }
    },
    "branchMap": {},
    "s": { "0": 180 },
    "f": { "0": 180 },
    "b": {},
    "_coverageSchema": "1a1c01bbd47fc00a2c39e90264f33305004495a9",
    "hash": "f745f2f9cdc50a139461681f9189bf9aeade0699"
  },
  "/Users/simon/Desktop/DDALAB/ddalab-web/lib/graphql/mutations.ts": {
    "path": "/Users/simon/Desktop/DDALAB/ddalab-web/lib/graphql/mutations.ts",
    "statementMap": {
      "0": {
        "start": { "line": 4, "column": 26 },
        "end": { "line": 11, "column": 1 }
      },
      "1": {
        "start": { "line": 13, "column": 27 },
        "end": { "line": 20, "column": 1 }
      },
      "2": {
        "start": { "line": 23, "column": 31 },
        "end": { "line": 35, "column": 1 }
      },
      "3": {
        "start": { "line": 38, "column": 43 },
        "end": { "line": 47, "column": 1 }
      }
    },
    "fnMap": {},
    "branchMap": {},
    "s": { "0": 1, "1": 1, "2": 1, "3": 1 },
    "f": {},
    "b": {},
    "_coverageSchema": "1a1c01bbd47fc00a2c39e90264f33305004495a9",
    "hash": "71017ea745db1bb25fd3dda964779dc295fb1eeb"
  },
  "/Users/simon/Desktop/DDALAB/ddalab-web/lib/graphql/queries.ts": {
    "path": "/Users/simon/Desktop/DDALAB/ddalab-web/lib/graphql/queries.ts",
    "statementMap": {
      "0": {
        "start": { "line": 4, "column": 26 },
        "end": { "line": 10, "column": 1 }
      },
      "1": {
        "start": { "line": 12, "column": 34 },
        "end": { "line": 22, "column": 1 }
      },
      "2": {
        "start": { "line": 24, "column": 33 },
        "end": { "line": 28, "column": 1 }
      },
      "3": {
        "start": { "line": 30, "column": 29 },
        "end": { "line": 36, "column": 1 }
      },
      "4": {
        "start": { "line": 39, "column": 35 },
        "end": { "line": 45, "column": 1 }
      },
      "5": {
        "start": { "line": 47, "column": 35 },
        "end": { "line": 55, "column": 1 }
      },
      "6": {
        "start": { "line": 57, "column": 28 },
        "end": { "line": 79, "column": 1 }
      }
    },
    "fnMap": {},
    "branchMap": {},
    "s": { "0": 1, "1": 1, "2": 1, "3": 1, "4": 1, "5": 1, "6": 1 },
    "f": {},
    "b": {},
    "_coverageSchema": "1a1c01bbd47fc00a2c39e90264f33305004495a9",
    "hash": "597666f47418cd30249e81b6625ecb76002d2a8c"
  }
}
