TN:
SF:__tests__/mocks/handlers.ts
FN:21,(anonymous_0)
FN:32,(anonymous_1)
FN:42,(anonymous_2)
FN:53,(anonymous_3)
FN:58,(anonymous_4)
FN:64,(anonymous_5)
FNF:6
FNH:1
FNDA:4,(anonymous_0)
FNDA:0,(anonymous_1)
FNDA:0,(anonymous_2)
FNDA:0,(anonymous_3)
FNDA:0,(anonymous_4)
FNDA:0,(anonymous_5)
DA:5,10
DA:8,10
DA:17,10
DA:19,10
DA:22,4
DA:33,0
DA:43,0
DA:54,0
DA:59,0
DA:64,0
LF:10
LH:5
BRF:0
BRH:0
end_of_record
TN:
SF:__tests__/mocks/server.ts
FNF:0
FNH:0
DA:5,10
LF:1
LH:1
BRF:0
BRH:0
end_of_record
TN:
SF:__tests__/mocks/theme-provider-mock.tsx
FN:4,(anonymous_0)
FNF:1
FNH:1
FNDA:6,(anonymous_0)
DA:4,8
DA:5,6
LF:2
LH:2
BRF:0
BRH:0
end_of_record
TN:
SF:__tests__/utils/test-utils.tsx
FN:7,(anonymous_0)
FN:16,(anonymous_1)
FNF:2
FNH:2
FNDA:4,(anonymous_0)
FNDA:4,(anonymous_1)
DA:7,1
DA:8,4
DA:16,1
DA:19,4
LF:4
LH:4
BRF:0
BRH:0
end_of_record
TN:
SF:components/dashboard-tabs.tsx
FN:10,DashboardTabs
FN:15,(anonymous_1)
FN:20,(anonymous_2)
FN:25,(anonymous_3)
FNF:4
FNH:0
FNDA:0,DashboardTabs
FNDA:0,(anonymous_1)
FNDA:0,(anonymous_2)
FNDA:0,(anonymous_3)
DA:11,0
DA:12,0
DA:13,0
DA:15,0
DA:16,0
DA:17,0
DA:20,0
DA:21,0
DA:22,0
DA:25,0
DA:27,0
DA:30,0
LF:12
LH:0
BRDA:43,0,0,0
BRDA:43,0,1,0
BRDA:57,1,0,0
BRDA:57,1,1,0
BRF:4
BRH:0
end_of_record
TN:
SF:components/dda-form.tsx
FN:32,DDAForm
FN:48,(anonymous_1)
FN:101,(anonymous_2)
FN:117,(anonymous_3)
FN:133,(anonymous_4)
FN:149,(anonymous_5)
FN:165,(anonymous_6)
FN:181,(anonymous_7)
FNF:8
FNH:0
FNDA:0,DDAForm
FNDA:0,(anonymous_1)
FNDA:0,(anonymous_2)
FNDA:0,(anonymous_3)
FNDA:0,(anonymous_4)
FNDA:0,(anonymous_5)
FNDA:0,(anonymous_6)
FNDA:0,(anonymous_7)
DA:15,1
DA:33,0
DA:35,0
DA:48,0
DA:49,0
DA:50,0
DA:64,0
DA:65,0
DA:69,0
DA:72,0
DA:80,0
DA:102,0
DA:118,0
DA:134,0
DA:150,0
DA:166,0
DA:182,0
LF:17
LH:1
BRDA:64,0,0,0
BRDA:64,0,1,0
BRDA:74,1,0,0
BRDA:74,1,1,0
BRDA:198,2,0,0
BRDA:198,2,1,0
BRF:6
BRH:0
end_of_record
TN:
SF:components/edf-plot-dialog.tsx
FN:38,EDFPlotDialog
FN:58,(anonymous_1)
FN:100,(anonymous_2)
FN:102,(anonymous_3)
FN:104,(anonymous_4)
FN:106,(anonymous_5)
FN:108,(anonymous_6)
FN:110,(anonymous_7)
FN:112,(anonymous_8)
FN:114,(anonymous_9)
FN:116,(anonymous_10)
FN:118,(anonymous_11)
FN:120,(anonymous_12)
FN:137,(anonymous_13)
FN:148,(anonymous_14)
FN:151,(anonymous_15)
FN:168,(anonymous_16)
FN:273,(anonymous_17)
FN:275,(anonymous_18)
FN:281,(anonymous_19)
FN:287,(anonymous_20)
FN:291,(anonymous_21)
FN:320,(anonymous_22)
FN:369,(anonymous_23)
FN:401,(anonymous_24)
FN:425,(anonymous_25)
FN:449,(anonymous_26)
FN:467,(anonymous_27)
FN:486,(anonymous_28)
FN:496,(anonymous_29)
FN:522,(anonymous_30)
FN:528,(anonymous_31)
FN:535,(anonymous_32)
FN:554,(anonymous_33)
FN:564,(anonymous_34)
FN:590,(anonymous_35)
FN:596,(anonymous_36)
FN:606,(anonymous_37)
FN:636,(anonymous_38)
FN:678,(anonymous_39)
FN:686,(anonymous_40)
FN:943,(anonymous_41)
FN:959,(anonymous_42)
FNF:43
FNH:0
FNDA:0,EDFPlotDialog
FNDA:0,(anonymous_1)
FNDA:0,(anonymous_2)
FNDA:0,(anonymous_3)
FNDA:0,(anonymous_4)
FNDA:0,(anonymous_5)
FNDA:0,(anonymous_6)
FNDA:0,(anonymous_7)
FNDA:0,(anonymous_8)
FNDA:0,(anonymous_9)
FNDA:0,(anonymous_10)
FNDA:0,(anonymous_11)
FNDA:0,(anonymous_12)
FNDA:0,(anonymous_13)
FNDA:0,(anonymous_14)
FNDA:0,(anonymous_15)
FNDA:0,(anonymous_16)
FNDA:0,(anonymous_17)
FNDA:0,(anonymous_18)
FNDA:0,(anonymous_19)
FNDA:0,(anonymous_20)
FNDA:0,(anonymous_21)
FNDA:0,(anonymous_22)
FNDA:0,(anonymous_23)
FNDA:0,(anonymous_24)
FNDA:0,(anonymous_25)
FNDA:0,(anonymous_26)
FNDA:0,(anonymous_27)
FNDA:0,(anonymous_28)
FNDA:0,(anonymous_29)
FNDA:0,(anonymous_30)
FNDA:0,(anonymous_31)
FNDA:0,(anonymous_32)
FNDA:0,(anonymous_33)
FNDA:0,(anonymous_34)
FNDA:0,(anonymous_35)
FNDA:0,(anonymous_36)
FNDA:0,(anonymous_37)
FNDA:0,(anonymous_38)
FNDA:0,(anonymous_39)
FNDA:0,(anonymous_40)
FNDA:0,(anonymous_41)
FNDA:0,(anonymous_42)
DA:44,0
DA:47,0
DA:50,0
DA:51,0
DA:52,0
DA:55,0
DA:58,0
DA:59,0
DA:60,0
DA:61,0
DA:63,0
DA:64,0
DA:70,0
DA:97,0
DA:100,0
DA:101,0
DA:102,0
DA:103,0
DA:104,0
DA:105,0
DA:106,0
DA:107,0
DA:108,0
DA:109,0
DA:110,0
DA:111,0
DA:112,0
DA:113,0
DA:114,0
DA:115,0
DA:116,0
DA:117,0
DA:118,0
DA:119,0
DA:120,0
DA:121,0
DA:124,0
DA:139,0
DA:144,0
DA:145,0
DA:148,0
DA:151,0
DA:152,0
DA:153,0
DA:155,0
DA:156,0
DA:164,0
DA:165,0
DA:168,0
DA:169,0
DA:171,0
DA:172,0
DA:179,0
DA:182,0
DA:185,0
DA:186,0
DA:190,0
DA:191,0
DA:192,0
DA:193,0
DA:199,0
DA:200,0
DA:203,0
DA:204,0
DA:210,0
DA:218,0
DA:221,0
DA:222,0
DA:225,0
DA:229,0
DA:234,0
DA:239,0
DA:246,0
DA:247,0
DA:252,0
DA:253,0
DA:273,0
DA:274,0
DA:275,0
DA:277,0
DA:281,0
DA:282,0
DA:283,0
DA:287,0
DA:288,0
DA:291,0
DA:292,0
DA:295,0
DA:297,0
DA:300,0
DA:303,0
DA:305,0
DA:312,0
DA:313,0
DA:316,0
DA:317,0
DA:320,0
DA:322,0
DA:323,0
DA:329,0
DA:330,0
DA:331,0
DA:332,0
DA:333,0
DA:335,0
DA:339,0
DA:342,0
DA:343,0
DA:344,0
DA:345,0
DA:347,0
DA:348,0
DA:369,0
DA:370,0
DA:372,0
DA:374,0
DA:377,0
DA:379,0
DA:389,0
DA:390,0
DA:395,0
DA:399,0
DA:401,0
DA:402,0
DA:403,0
DA:404,0
DA:407,0
DA:408,0
DA:409,0
DA:414,0
DA:417,0
DA:418,0
DA:425,0
DA:426,0
DA:427,0
DA:428,0
DA:431,0
DA:432,0
DA:433,0
DA:438,0
DA:441,0
DA:442,0
DA:449,0
DA:450,0
DA:452,0
DA:453,0
DA:456,0
DA:457,0
DA:462,0
DA:463,0
DA:467,0
DA:468,0
DA:469,0
DA:470,0
DA:471,0
DA:472,0
DA:473,0
DA:476,0
DA:479,0
DA:480,0
DA:486,0
DA:487,0
DA:490,0
DA:498,0
DA:499,0
DA:505,0
DA:507,0
DA:512,0
DA:515,0
DA:516,0
DA:523,0
DA:524,0
DA:529,0
DA:535,0
DA:536,0
DA:537,0
DA:538,0
DA:539,0
DA:540,0
DA:541,0
DA:544,0
DA:547,0
DA:548,0
DA:554,0
DA:555,0
DA:558,0
DA:566,0
DA:567,0
DA:573,0
DA:575,0
DA:580,0
DA:583,0
DA:584,0
DA:591,0
DA:592,0
DA:597,0
DA:603,0
DA:608,0
DA:611,0
DA:612,0
DA:613,0
DA:636,0
DA:679,0
DA:686,0
DA:943,0
DA:959,0
LF:206
LH:0
BRDA:59,0,0,0
BRDA:59,0,1,0
BRDA:59,1,0,0
BRDA:59,1,1,0
BRDA:61,2,0,0
BRDA:61,2,1,0
BRDA:70,3,0,0
BRDA:70,3,1,0
BRDA:129,4,0,0
BRDA:129,4,1,0
BRDA:134,5,0,0
BRDA:134,5,1,0
BRDA:139,6,0,0
BRDA:139,6,1,0
BRDA:140,7,0,0
BRDA:140,7,1,0
BRDA:155,8,0,0
BRDA:155,8,1,0
BRDA:164,9,0,0
BRDA:164,9,1,0
BRDA:169,10,0,0
BRDA:169,10,1,0
BRDA:171,11,0,0
BRDA:171,11,1,0
BRDA:185,12,0,0
BRDA:185,12,1,0
BRDA:192,13,0,0
BRDA:192,13,1,0
BRDA:203,14,0,0
BRDA:203,14,1,0
BRDA:229,15,0,0
BRDA:229,15,1,0
BRDA:230,16,0,0
BRDA:230,16,1,0
BRDA:246,17,0,0
BRDA:246,17,1,0
BRDA:252,18,0,0
BRDA:252,18,1,0
BRDA:274,19,0,0
BRDA:274,19,1,0
BRDA:282,20,0,0
BRDA:282,20,1,0
BRDA:295,21,0,0
BRDA:295,21,1,0
BRDA:322,22,0,0
BRDA:322,22,1,0
BRDA:330,23,0,0
BRDA:330,23,1,0
BRDA:332,24,0,0
BRDA:332,24,1,0
BRDA:370,25,0,0
BRDA:370,25,1,0
BRDA:392,26,0,0
BRDA:392,26,1,0
BRDA:402,27,0,0
BRDA:402,27,1,0
BRDA:402,28,0,0
BRDA:402,28,1,0
BRDA:426,29,0,0
BRDA:426,29,1,0
BRDA:426,30,0,0
BRDA:426,30,1,0
BRDA:452,31,0,0
BRDA:452,31,1,0
BRDA:468,32,0,0
BRDA:468,32,1,0
BRDA:468,33,0,0
BRDA:468,33,1,0
BRDA:498,34,0,0
BRDA:498,34,1,0
BRDA:525,35,0,0
BRDA:525,35,1,0
BRDA:536,36,0,0
BRDA:536,36,1,0
BRDA:536,37,0,0
BRDA:536,37,1,0
BRDA:566,38,0,0
BRDA:566,38,1,0
BRDA:593,39,0,0
BRDA:593,39,1,0
BRDA:611,40,0,0
BRDA:611,40,1,0
BRDA:618,41,0,0
BRDA:618,41,1,0
BRDA:624,42,0,0
BRDA:624,42,1,0
BRDA:641,43,0,0
BRDA:641,43,1,0
BRDA:645,44,0,0
BRDA:645,44,1,0
BRDA:645,45,0,0
BRDA:645,45,1,0
BRDA:648,46,0,0
BRDA:648,46,1,0
BRDA:650,47,0,0
BRDA:650,47,1,0
BRDA:654,48,0,0
BRDA:654,48,1,0
BRDA:714,49,0,0
BRDA:714,49,1,0
BRDA:714,50,0,0
BRDA:714,50,1,0
BRDA:714,50,2,0
BRDA:721,51,0,0
BRDA:721,51,1,0
BRDA:724,52,0,0
BRDA:724,52,1,0
BRDA:727,53,0,0
BRDA:727,53,1,0
BRDA:731,54,0,0
BRDA:731,54,1,0
BRDA:739,55,0,0
BRDA:739,55,1,0
BRDA:781,56,0,0
BRDA:781,56,1,0
BRDA:781,56,2,0
BRDA:784,57,0,0
BRDA:784,57,1,0
BRDA:784,58,0,0
BRDA:784,58,1,0
BRDA:806,59,0,0
BRDA:806,59,1,0
BRDA:806,59,2,0
BRDA:812,60,0,0
BRDA:812,60,1,0
BRDA:812,61,0,0
BRDA:812,61,1,0
BRDA:827,62,0,0
BRDA:827,62,1,0
BRDA:832,63,0,0
BRDA:832,63,1,0
BRDA:832,63,2,0
BRDA:839,64,0,0
BRDA:839,64,1,0
BRDA:843,65,0,0
BRDA:843,65,1,0
BRDA:843,66,0,0
BRDA:843,66,1,0
BRDA:846,67,0,0
BRDA:846,67,1,0
BRDA:849,68,0,0
BRDA:849,68,1,0
BRDA:852,69,0,0
BRDA:852,69,1,0
BRDA:856,70,0,0
BRDA:856,70,1,0
BRDA:865,71,0,0
BRDA:865,71,1,0
BRDA:865,71,2,0
BRDA:873,72,0,0
BRDA:873,72,1,0
BRDA:873,72,2,0
BRDA:893,73,0,0
BRDA:893,73,1,0
BRDA:914,74,0,0
BRDA:914,74,1,0
BRDA:914,75,0,0
BRDA:914,75,1,0
BRDA:914,75,2,0
BRDA:922,76,0,0
BRDA:922,76,1,0
BRDA:922,76,2,0
BRDA:922,76,3,0
BRDA:939,77,0,0
BRDA:939,77,1,0
BRDA:950,78,0,0
BRDA:950,78,1,0
BRDA:954,79,0,0
BRDA:954,79,1,0
BRF:169
BRH:0
end_of_record
TN:
SF:components/eeg-chart.tsx
FN:21,EEGChart
FN:39,(anonymous_1)
FN:100,(anonymous_2)
FN:108,(anonymous_3)
FN:174,(anonymous_4)
FN:281,(anonymous_5)
FN:282,(anonymous_6)
FN:292,(anonymous_7)
FN:296,(anonymous_8)
FN:301,(anonymous_9)
FN:327,(anonymous_10)
FN:335,(anonymous_11)
FN:344,(anonymous_12)
FN:357,(anonymous_13)
FN:374,(anonymous_14)
FN:382,(anonymous_15)
FNF:16
FNH:0
FNDA:0,EEGChart
FNDA:0,(anonymous_1)
FNDA:0,(anonymous_2)
FNDA:0,(anonymous_3)
FNDA:0,(anonymous_4)
FNDA:0,(anonymous_5)
FNDA:0,(anonymous_6)
FNDA:0,(anonymous_7)
FNDA:0,(anonymous_8)
FNDA:0,(anonymous_9)
FNDA:0,(anonymous_10)
FNDA:0,(anonymous_11)
FNDA:0,(anonymous_12)
FNDA:0,(anonymous_13)
FNDA:0,(anonymous_14)
FNDA:0,(anonymous_15)
DA:29,0
DA:30,0
DA:31,0
DA:32,0
DA:33,0
DA:35,0
DA:38,0
DA:40,0
DA:42,0
DA:45,0
DA:46,0
DA:48,0
DA:49,0
DA:52,0
DA:54,0
DA:57,0
DA:60,0
DA:63,0
DA:64,0
DA:68,0
DA:71,0
DA:72,0
DA:73,0
DA:74,0
DA:76,0
DA:77,0
DA:84,0
DA:100,0
DA:101,0
DA:105,0
DA:108,0
DA:109,0
DA:110,0
DA:112,0
DA:113,0
DA:116,0
DA:117,0
DA:118,0
DA:119,0
DA:123,0
DA:126,0
DA:127,0
DA:131,0
DA:132,0
DA:133,0
DA:136,0
DA:137,0
DA:139,0
DA:140,0
DA:141,0
DA:142,0
DA:143,0
DA:144,0
DA:148,0
DA:149,0
DA:151,0
DA:154,0
DA:155,0
DA:156,0
DA:157,0
DA:160,0
DA:164,0
DA:165,0
DA:166,0
DA:167,0
DA:171,0
DA:174,0
DA:175,0
DA:176,0
DA:178,0
DA:181,0
DA:182,0
DA:183,0
DA:184,0
DA:187,0
DA:188,0
DA:189,0
DA:190,0
DA:191,0
DA:194,0
DA:195,0
DA:196,0
DA:199,0
DA:203,0
DA:207,0
DA:213,0
DA:214,0
DA:217,0
DA:218,0
DA:219,0
DA:220,0
DA:224,0
DA:225,0
DA:229,0
DA:230,0
DA:231,0
DA:235,0
DA:236,0
DA:237,0
DA:240,0
DA:241,0
DA:242,0
DA:245,0
DA:246,0
DA:247,0
DA:252,0
DA:257,0
DA:259,0
DA:261,0
DA:262,0
DA:263,0
DA:265,0
DA:269,0
DA:281,0
DA:282,0
DA:283,0
DA:284,0
DA:285,0
DA:286,0
DA:287,0
DA:291,0
DA:292,0
DA:296,0
DA:297,0
DA:298,0
DA:301,0
DA:302,0
DA:304,0
DA:305,0
DA:307,0
DA:308,0
DA:309,0
DA:311,0
DA:313,0
DA:314,0
DA:320,0
DA:321,0
DA:322,0
DA:327,0
DA:328,0
DA:329,0
DA:331,0
DA:335,0
DA:336,0
DA:337,0
DA:339,0
DA:344,0
DA:345,0
DA:347,0
DA:348,0
DA:350,0
DA:351,0
DA:353,0
DA:354,0
DA:357,0
DA:358,0
DA:360,0
DA:361,0
DA:363,0
DA:367,0
DA:369,0
DA:370,0
DA:374,0
DA:375,0
DA:376,0
DA:379,0
DA:382,0
DA:383,0
DA:387,0
LF:169
LH:0
BRDA:42,0,0,0
BRDA:42,0,1,0
BRDA:46,1,0,0
BRDA:46,1,1,0
BRDA:57,2,0,0
BRDA:57,2,1,0
BRDA:71,3,0,0
BRDA:71,3,1,0
BRDA:105,4,0,0
BRDA:105,4,1,0
BRDA:110,5,0,0
BRDA:110,5,1,0
BRDA:110,6,0,0
BRDA:110,6,1,0
BRDA:110,6,2,0
BRDA:113,7,0,0
BRDA:113,7,1,0
BRDA:117,8,0,0
BRDA:117,8,1,0
BRDA:126,9,0,0
BRDA:126,9,1,0
BRDA:131,10,0,0
BRDA:131,10,1,0
BRDA:139,11,0,0
BRDA:139,11,1,0
BRDA:140,12,0,0
BRDA:140,12,1,0
BRDA:141,13,0,0
BRDA:141,13,1,0
BRDA:142,14,0,0
BRDA:142,14,1,0
BRDA:143,15,0,0
BRDA:143,15,1,0
BRDA:160,16,0,0
BRDA:160,16,1,0
BRDA:164,17,0,0
BRDA:164,17,1,0
BRDA:176,18,0,0
BRDA:176,18,1,0
BRDA:181,19,0,0
BRDA:181,19,1,0
BRDA:195,20,0,0
BRDA:195,20,1,0
BRDA:195,21,0,0
BRDA:195,21,1,0
BRDA:221,22,0,0
BRDA:221,22,1,0
BRDA:224,23,0,0
BRDA:224,23,1,0
BRDA:225,24,0,0
BRDA:225,24,1,0
BRDA:229,25,0,0
BRDA:229,25,1,0
BRDA:248,26,0,0
BRDA:248,26,1,0
BRDA:261,27,0,0
BRDA:261,27,1,0
BRDA:285,28,0,0
BRDA:285,28,1,0
BRDA:285,29,0,0
BRDA:285,29,1,0
BRDA:302,30,0,0
BRDA:302,30,1,0
BRDA:302,31,0,0
BRDA:302,31,1,0
BRDA:305,32,0,0
BRDA:305,32,1,0
BRDA:311,33,0,0
BRDA:311,33,1,0
BRDA:320,34,0,0
BRDA:320,34,1,0
BRDA:328,35,0,0
BRDA:328,35,1,0
BRDA:336,36,0,0
BRDA:336,36,1,0
BRDA:345,37,0,0
BRDA:345,37,1,0
BRDA:358,38,0,0
BRDA:358,38,1,0
BRDA:376,39,0,0
BRDA:376,39,1,0
BRDA:393,40,0,0
BRDA:393,40,1,0
BRDA:424,41,0,0
BRDA:424,41,1,0
BRF:85
BRH:0
end_of_record
TN:
SF:components/eeg-dashboard.tsx
FN:48,EEGDashboard
FN:59,(anonymous_1)
FN:87,(anonymous_2)
FN:118,(anonymous_3)
FN:133,(anonymous_4)
FN:148,(anonymous_5)
FN:155,(anonymous_6)
FN:161,(anonymous_7)
FN:163,(anonymous_8)
FN:169,(anonymous_9)
FN:205,(anonymous_10)
FN:222,(anonymous_11)
FN:383,(anonymous_12)
FN:391,(anonymous_13)
FNF:14
FNH:0
FNDA:0,EEGDashboard
FNDA:0,(anonymous_1)
FNDA:0,(anonymous_2)
FNDA:0,(anonymous_3)
FNDA:0,(anonymous_4)
FNDA:0,(anonymous_5)
FNDA:0,(anonymous_6)
FNDA:0,(anonymous_7)
FNDA:0,(anonymous_8)
FNDA:0,(anonymous_9)
FNDA:0,(anonymous_10)
FNDA:0,(anonymous_11)
FNDA:0,(anonymous_12)
FNDA:0,(anonymous_13)
DA:49,0
DA:50,0
DA:51,0
DA:52,0
DA:53,0
DA:54,0
DA:55,0
DA:56,0
DA:57,0
DA:59,0
DA:60,0
DA:62,0
DA:63,0
DA:64,0
DA:67,0
DA:68,0
DA:73,0
DA:76,0
DA:77,0
DA:80,0
DA:82,0
DA:87,0
DA:90,0
DA:93,0
DA:98,0
DA:99,0
DA:101,0
DA:106,0
DA:107,0
DA:114,0
DA:118,0
DA:119,0
DA:120,0
DA:121,0
DA:124,0
DA:125,0
DA:126,0
DA:133,0
DA:134,0
DA:135,0
DA:136,0
DA:139,0
DA:140,0
DA:141,0
DA:148,0
DA:149,0
DA:150,0
DA:151,0
DA:155,0
DA:156,0
DA:157,0
DA:161,0
DA:162,0
DA:163,0
DA:165,0
DA:169,0
DA:170,0
DA:172,0
DA:173,0
DA:174,0
DA:175,0
DA:180,0
DA:184,0
DA:185,0
DA:186,0
DA:187,0
DA:188,0
DA:189,0
DA:191,0
DA:196,0
DA:197,0
DA:205,0
DA:208,0
DA:216,0
DA:217,0
DA:219,0
DA:222,0
DA:223,0
DA:224,0
DA:230,0
DA:384,0
DA:391,0
LF:82
LH:0
BRDA:60,0,0,0
BRDA:60,0,1,0
BRDA:60,1,0,0
BRDA:60,1,1,0
BRDA:67,2,0,0
BRDA:67,2,1,0
BRDA:119,3,0,0
BRDA:119,3,1,0
BRDA:134,4,0,0
BRDA:134,4,1,0
BRDA:134,5,0,0
BRDA:134,5,1,0
BRDA:149,6,0,0
BRDA:149,6,1,0
BRDA:156,7,0,0
BRDA:156,7,1,0
BRDA:156,8,0,0
BRDA:156,8,1,0
BRDA:162,9,0,0
BRDA:162,9,1,0
BRDA:170,10,0,0
BRDA:170,10,1,0
BRDA:174,11,0,0
BRDA:174,11,1,0
BRDA:185,12,0,0
BRDA:185,12,1,0
BRDA:253,13,0,0
BRDA:253,13,1,0
BRDA:263,14,0,0
BRDA:263,14,1,0
BRDA:387,15,0,0
BRDA:387,15,1,0
BRF:32
BRH:0
end_of_record
TN:
SF:components/file-browser.tsx
FN:26,FileBrowser
FN:47,(anonymous_1)
FN:53,(anonymous_2)
FN:62,(anonymous_3)
FN:71,(anonymous_4)
FN:78,(anonymous_5)
FN:83,(anonymous_6)
FN:94,(anonymous_7)
FN:101,(anonymous_8)
FN:105,(anonymous_9)
FN:135,(anonymous_10)
FN:170,(anonymous_11)
FN:174,(anonymous_12)
FN:201,(anonymous_13)
FNF:14
FNH:0
FNDA:0,FileBrowser
FNDA:0,(anonymous_1)
FNDA:0,(anonymous_2)
FNDA:0,(anonymous_3)
FNDA:0,(anonymous_4)
FNDA:0,(anonymous_5)
FNDA:0,(anonymous_6)
FNDA:0,(anonymous_7)
FNDA:0,(anonymous_8)
FNDA:0,(anonymous_9)
FNDA:0,(anonymous_10)
FNDA:0,(anonymous_11)
FNDA:0,(anonymous_12)
FNDA:0,(anonymous_13)
DA:30,0
DA:31,0
DA:39,0
DA:41,0
DA:47,0
DA:48,0
DA:49,0
DA:53,0
DA:54,0
DA:55,0
DA:56,0
DA:57,0
DA:62,0
DA:63,0
DA:64,0
DA:66,0
DA:71,0
DA:72,0
DA:73,0
DA:74,0
DA:78,0
DA:79,0
DA:83,0
DA:84,0
DA:85,0
DA:86,0
DA:87,0
DA:88,0
DA:94,0
DA:95,0
DA:96,0
DA:97,0
DA:101,0
DA:102,0
DA:105,0
DA:106,0
DA:109,0
DA:136,0
DA:171,0
DA:174,0
DA:201,0
LF:41
LH:0
BRDA:28,0,0,0
BRDA:54,1,0,0
BRDA:54,1,1,0
BRDA:63,2,0,0
BRDA:63,2,1,0
BRDA:84,3,0,0
BRDA:84,3,1,0
BRDA:84,4,0,0
BRDA:84,4,1,0
BRDA:95,5,0,0
BRDA:95,5,1,0
BRDA:130,6,0,0
BRDA:130,6,1,0
BRDA:133,7,0,0
BRDA:133,7,1,0
BRDA:142,8,0,0
BRDA:142,8,1,0
BRDA:160,9,0,0
BRDA:160,9,1,0
BRDA:177,10,0,0
BRDA:177,10,1,0
BRDA:191,11,0,0
BRDA:191,11,1,0
BRDA:197,12,0,0
BRDA:197,12,1,0
BRDA:197,12,2,0
BRF:26
BRH:0
end_of_record
TN:
SF:components/file-selector.tsx
FN:16,(anonymous_0)
FN:20,(anonymous_1)
FN:24,(anonymous_2)
FN:38,(anonymous_3)
FN:43,(anonymous_4)
FN:47,(anonymous_5)
FN:66,(anonymous_6)
FNF:7
FNH:0
FNDA:0,(anonymous_0)
FNDA:0,(anonymous_1)
FNDA:0,(anonymous_2)
FNDA:0,(anonymous_3)
FNDA:0,(anonymous_4)
FNDA:0,(anonymous_5)
FNDA:0,(anonymous_6)
DA:15,1
DA:17,0
DA:18,0
DA:20,0
DA:21,0
DA:24,0
DA:25,0
DA:26,0
DA:27,0
DA:28,0
DA:29,0
DA:31,0
DA:34,0
DA:38,0
DA:39,0
DA:40,0
DA:43,0
DA:44,0
DA:47,0
DA:48,0
DA:49,0
DA:50,0
DA:53,0
DA:67,0
DA:68,0
DA:69,0
DA:70,0
DA:71,0
DA:101,1
LF:29
LH:2
BRDA:16,0,0,0
BRDA:16,1,0,0
BRDA:25,2,0,0
BRDA:25,2,1,0
BRDA:26,3,0,0
BRDA:26,3,1,0
BRDA:28,4,0,0
BRDA:28,4,1,0
BRDA:56,5,0,0
BRDA:56,5,1,0
BRDA:68,6,0,0
BRDA:68,6,1,0
BRDA:70,7,0,0
BRDA:70,7,1,0
BRDA:86,8,0,0
BRDA:86,8,1,0
BRF:16
BRH:0
end_of_record
TN:
SF:components/help-button.tsx
FN:21,HelpButton
FN:30,(anonymous_1)
FN:128,(anonymous_2)
FN:139,(anonymous_3)
FN:147,(anonymous_4)
FNF:5
FNH:0
FNDA:0,HelpButton
FNDA:0,(anonymous_1)
FNDA:0,(anonymous_2)
FNDA:0,(anonymous_3)
FNDA:0,(anonymous_4)
DA:22,0
DA:23,0
DA:24,0
DA:25,0
DA:26,0
DA:27,0
DA:30,0
DA:31,0
DA:32,0
DA:37,0
DA:40,0
DA:41,0
DA:44,0
DA:47,0
DA:61,0
DA:62,0
DA:63,0
DA:65,0
DA:66,0
DA:70,0
DA:71,0
DA:78,0
DA:80,0
DA:86,0
DA:87,0
DA:88,0
DA:90,0
DA:91,0
DA:98,0
DA:103,0
DA:104,0
DA:107,0
DA:128,0
DA:139,0
DA:147,0
LF:35
LH:0
BRDA:31,0,0,0
BRDA:31,0,1,0
BRDA:31,1,0,0
BRDA:31,1,1,0
BRDA:63,2,0,0
BRDA:63,2,1,0
BRDA:70,3,0,0
BRDA:70,3,1,0
BRDA:72,4,0,0
BRDA:72,4,1,0
BRDA:72,4,2,0
BRDA:94,5,0,0
BRDA:94,5,1,0
BRDA:103,6,0,0
BRDA:103,6,1,0
BRDA:153,7,0,0
BRDA:153,7,1,0
BRF:17
BRH:0
end_of_record
TN:
SF:components/login-form.tsx
FN:24,LoginForm
FN:40,(anonymous_1)
FNF:2
FNH:2
FNDA:16,LoginForm
FNDA:4,(anonymous_1)
DA:17,2
DA:25,16
DA:26,16
DA:32,16
DA:40,16
DA:41,4
DA:42,4
DA:43,4
DA:45,2
DA:49,16
LF:10
LH:10
BRDA:45,0,0,2
BRDA:45,0,1,0
BRDA:60,1,0,16
BRDA:60,1,1,1
BRDA:72,2,0,16
BRDA:72,2,1,1
BRDA:75,3,0,16
BRDA:75,3,1,2
BRDA:82,4,0,6
BRDA:82,4,1,10
BRF:10
BRH:9
end_of_record
TN:
SF:components/register-dialog.tsx
FN:45,(anonymous_0)
FN:58,RegisterDialog
FN:91,(anonymous_2)
FN:108,(anonymous_3)
FN:115,onInviteSubmit
FN:147,handleRegister
FN:226,handleOpenChange
FN:241,(anonymous_7)
FN:277,(anonymous_8)
FN:291,(anonymous_9)
FN:318,(anonymous_10)
FN:332,(anonymous_11)
FN:355,(anonymous_12)
FN:371,(anonymous_13)
FN:389,(anonymous_14)
FN:408,(anonymous_15)
FN:422,(anonymous_16)
FN:438,(anonymous_17)
FNF:18
FNH:0
FNDA:0,(anonymous_0)
FNDA:0,RegisterDialog
FNDA:0,(anonymous_2)
FNDA:0,(anonymous_3)
FNDA:0,onInviteSubmit
FNDA:0,handleRegister
FNDA:0,handleOpenChange
FNDA:0,(anonymous_7)
FNDA:0,(anonymous_8)
FNDA:0,(anonymous_9)
FNDA:0,(anonymous_10)
FNDA:0,(anonymous_11)
FNDA:0,(anonymous_12)
FNDA:0,(anonymous_13)
FNDA:0,(anonymous_14)
FNDA:0,(anonymous_15)
FNDA:0,(anonymous_16)
FNDA:0,(anonymous_17)
DA:31,1
DA:37,1
DA:45,0
DA:60,0
DA:61,0
DA:62,0
DA:63,0
DA:64,0
DA:65,0
DA:67,0
DA:70,0
DA:79,0
DA:91,0
DA:92,0
DA:94,0
DA:102,0
DA:103,0
DA:108,0
DA:109,0
DA:110,0
DA:111,0
DA:116,0
DA:117,0
DA:119,0
DA:120,0
DA:125,0
DA:126,0
DA:127,0
DA:128,0
DA:132,0
DA:133,0
DA:135,0
DA:137,0
DA:140,0
DA:142,0
DA:148,0
DA:150,0
DA:151,0
DA:152,0
DA:153,0
DA:157,0
DA:158,0
DA:159,0
DA:163,0
DA:164,0
DA:165,0
DA:169,0
DA:170,0
DA:171,0
DA:172,0
DA:176,0
DA:177,0
DA:178,0
DA:179,0
DA:182,0
DA:183,0
DA:184,0
DA:188,0
DA:189,0
DA:190,0
DA:193,0
DA:194,0
DA:196,0
DA:205,0
DA:206,0
DA:216,0
DA:218,0
DA:219,0
DA:221,0
DA:227,0
DA:229,0
DA:230,0
DA:231,0
DA:232,0
DA:233,0
DA:234,0
DA:235,0
DA:237,0
DA:241,0
DA:242,0
DA:243,0
DA:244,0
DA:248,0
DA:278,0
DA:292,0
DA:320,0
DA:321,0
DA:332,0
DA:355,0
DA:372,0
DA:390,0
DA:409,0
DA:423,0
DA:438,0
DA:461,1
LF:95
LH:3
BRDA:92,0,0,0
BRDA:92,0,1,0
BRDA:122,1,0,0
BRDA:122,1,1,0
BRDA:125,2,0,0
BRDA:125,2,1,0
BRDA:127,3,0,0
BRDA:127,3,1,0
BRDA:150,4,0,0
BRDA:150,4,1,0
BRDA:157,5,0,0
BRDA:157,5,1,0
BRDA:157,6,0,0
BRDA:157,6,1,0
BRDA:163,7,0,0
BRDA:163,7,1,0
BRDA:170,8,0,0
BRDA:170,8,1,0
BRDA:182,9,0,0
BRDA:182,9,1,0
BRDA:182,10,0,0
BRDA:182,10,1,0
BRDA:188,11,0,0
BRDA:188,11,1,0
BRDA:198,12,0,0
BRDA:198,12,1,0
BRDA:209,13,0,0
BRDA:209,13,1,0
BRDA:219,14,0,0
BRDA:219,14,1,0
BRDA:227,15,0,0
BRDA:227,15,1,0
BRDA:242,16,0,0
BRDA:242,16,1,0
BRDA:242,17,0,0
BRDA:242,17,1,0
BRDA:253,18,0,0
BRDA:253,18,1,0
BRDA:256,19,0,0
BRDA:256,19,1,0
BRDA:262,20,0,0
BRDA:262,20,1,0
BRDA:268,21,0,0
BRDA:268,21,1,0
BRDA:308,22,0,0
BRDA:308,22,1,0
BRDA:338,23,0,0
BRDA:338,23,1,0
BRDA:338,23,2,0
BRDA:345,24,0,0
BRDA:345,24,1,0
BRDA:354,25,0,0
BRDA:354,25,1,0
BRDA:448,26,0,0
BRDA:448,26,1,0
BRF:55
BRH:0
end_of_record
TN:
SF:components/task-status.tsx
FN:17,TaskStatus
FN:44,(anonymous_1)
FN:47,(anonymous_2)
FN:69,(anonymous_3)
FN:77,(anonymous_4)
FNF:5
FNH:0
FNDA:0,TaskStatus
FNDA:0,(anonymous_1)
FNDA:0,(anonymous_2)
FNDA:0,(anonymous_3)
FNDA:0,(anonymous_4)
DA:18,0
DA:19,0
DA:26,0
DA:37,0
DA:44,0
DA:45,0
DA:47,0
DA:48,0
DA:49,0
DA:50,0
DA:53,0
DA:59,0
DA:62,0
DA:63,0
DA:69,0
DA:70,0
DA:71,0
DA:72,0
DA:77,0
DA:78,0
DA:80,0
DA:81,0
DA:82,0
DA:84,0
DA:86,0
DA:87,0
DA:88,0
DA:89,0
DA:91,0
DA:96,0
DA:104,0
LF:31
LH:0
BRDA:39,0,0,0
BRDA:39,0,1,0
BRDA:45,1,0,0
BRDA:45,1,1,0
BRDA:48,2,0,0
BRDA:48,2,1,0
BRDA:62,3,0,0
BRDA:62,3,1,0
BRDA:62,4,0,0
BRDA:62,4,1,0
BRDA:71,5,0,0
BRDA:71,5,1,0
BRDA:78,6,0,0
BRDA:78,6,1,0
BRDA:98,7,0,0
BRDA:98,7,1,0
BRDA:115,8,0,0
BRDA:115,8,1,0
BRDA:115,9,0,0
BRDA:115,9,1,0
BRDA:121,10,0,0
BRDA:121,10,1,0
BRDA:123,11,0,0
BRDA:123,11,1,0
BRDA:125,12,0,0
BRDA:125,12,1,0
BRDA:125,12,2,0
BRDA:130,13,0,0
BRDA:130,13,1,0
BRDA:131,14,0,0
BRDA:131,14,1,0
BRDA:139,15,0,0
BRDA:139,15,1,0
BRDA:144,16,0,0
BRDA:144,16,1,0
BRDA:144,16,2,0
BRF:36
BRH:0
end_of_record
TN:
SF:components/ui/alert.tsx
FN:25,(anonymous_0)
FN:38,(anonymous_1)
FN:50,(anonymous_2)
FNF:3
FNH:2
FNDA:2,(anonymous_0)
FNDA:0,(anonymous_1)
FNDA:2,(anonymous_2)
DA:6,3
DA:22,3
DA:26,2
DA:33,3
DA:35,3
DA:39,0
DA:45,3
DA:47,3
DA:51,2
DA:57,3
LF:10
LH:9
BRF:0
BRH:0
end_of_record
TN:
SF:components/ui/button.tsx
FN:43,(anonymous_0)
FNF:1
FNH:1
FNDA:16,(anonymous_0)
DA:7,6
DA:42,6
DA:44,16
DA:45,16
DA:54,6
LF:5
LH:5
BRDA:43,0,0,16
BRDA:44,1,0,0
BRDA:44,1,1,16
BRF:3
BRH:2
end_of_record
TN:
SF:components/ui/card.tsx
FN:8,(anonymous_0)
FN:23,(anonymous_1)
FN:35,(anonymous_2)
FN:50,(anonymous_3)
FN:62,(anonymous_4)
FN:70,(anonymous_5)
FNF:6
FNH:6
FNDA:16,(anonymous_0)
FNDA:16,(anonymous_1)
FNDA:16,(anonymous_2)
FNDA:16,(anonymous_3)
FNDA:16,(anonymous_4)
FNDA:16,(anonymous_5)
DA:5,4
DA:9,16
DA:18,4
DA:20,4
DA:24,16
DA:30,4
DA:32,4
DA:36,16
DA:45,4
DA:47,4
DA:51,16
DA:57,4
DA:59,4
DA:63,16
DA:65,4
DA:67,4
DA:71,16
DA:77,4
LF:18
LH:18
BRF:0
BRH:0
end_of_record
TN:
SF:components/ui/checkbox.tsx
FN:12,(anonymous_0)
FNF:1
FNH:0
FNDA:0,(anonymous_0)
DA:9,1
DA:13,0
DA:28,1
LF:3
LH:2
BRF:0
BRH:0
end_of_record
TN:
SF:components/ui/dialog.tsx
FN:20,(anonymous_0)
FN:35,(anonymous_1)
FN:56,(anonymous_2)
FN:70,(anonymous_3)
FN:87,(anonymous_4)
FN:102,(anonymous_5)
FNF:6
FNH:0
FNDA:0,(anonymous_0)
FNDA:0,(anonymous_1)
FNDA:0,(anonymous_2)
FNDA:0,(anonymous_3)
FNDA:0,(anonymous_4)
FNDA:0,(anonymous_5)
DA:9,4
DA:11,4
DA:13,4
DA:15,4
DA:17,4
DA:21,0
DA:30,4
DA:32,4
DA:36,0
DA:54,4
DA:56,4
DA:60,0
DA:68,4
DA:70,4
DA:74,0
DA:82,4
DA:84,4
DA:88,0
DA:97,4
DA:99,4
DA:103,0
DA:109,4
LF:22
LH:16
BRF:0
BRH:0
end_of_record
TN:
SF:components/ui/form.tsx
FN:31,(anonymous_0)
FN:44,(anonymous_1)
FN:78,(anonymous_2)
FN:92,(anonymous_3)
FN:109,(anonymous_4)
FN:131,(anonymous_5)
FN:148,(anonymous_6)
FNF:7
FNH:0
FNDA:0,(anonymous_0)
FNDA:0,(anonymous_1)
FNDA:0,(anonymous_2)
FNDA:0,(anonymous_3)
FNDA:0,(anonymous_4)
FNDA:0,(anonymous_5)
FNDA:0,(anonymous_6)
DA:18,2
DA:27,2
DA:31,2
DA:37,0
DA:44,2
DA:45,0
DA:46,0
DA:47,0
DA:49,0
DA:51,0
DA:52,0
DA:55,0
DA:57,0
DA:71,2
DA:75,2
DA:79,0
DA:81,0
DA:87,2
DA:89,2
DA:93,0
DA:95,0
DA:104,2
DA:106,2
DA:110,0
DA:112,0
DA:126,2
DA:128,2
DA:132,0
DA:134,0
DA:143,2
DA:145,2
DA:149,0
DA:150,0
DA:152,0
DA:153,0
DA:156,0
DA:167,2
LF:37
LH:15
BRDA:51,0,0,0
BRDA:51,0,1,0
BRDA:98,1,0,0
BRDA:98,1,1,0
BRDA:117,2,0,0
BRDA:117,2,1,0
BRDA:150,3,0,0
BRDA:150,3,1,0
BRDA:152,4,0,0
BRDA:152,4,1,0
BRF:10
BRH:0
end_of_record
TN:
SF:components/ui/input.tsx
FN:6,(anonymous_0)
FNF:1
FNH:1
FNDA:32,(anonymous_0)
DA:5,6
DA:7,32
DA:20,6
LF:3
LH:3
BRF:0
BRH:0
end_of_record
TN:
SF:components/ui/label.tsx
FN:17,(anonymous_0)
FNF:1
FNH:1
FNDA:32,(anonymous_0)
DA:9,6
DA:13,6
DA:18,32
DA:24,6
LF:4
LH:4
BRF:0
BRH:0
end_of_record
TN:
SF:components/ui/progress.tsx
FN:11,(anonymous_0)
FNF:1
FNH:0
FNDA:0,(anonymous_0)
DA:8,1
DA:12,0
DA:26,1
LF:3
LH:2
BRDA:22,0,0,0
BRDA:22,0,1,0
BRF:2
BRH:0
end_of_record
TN:
SF:components/ui/scroll-area.tsx
FN:11,(anonymous_0)
FN:29,(anonymous_1)
FNF:2
FNH:0
FNDA:0,(anonymous_0)
FNDA:0,(anonymous_1)
DA:8,1
DA:12,0
DA:24,1
DA:26,1
DA:30,0
DA:46,1
LF:6
LH:4
BRDA:29,0,0,0
BRDA:35,1,0,0
BRDA:35,1,1,0
BRDA:37,2,0,0
BRDA:37,2,1,0
BRF:5
BRH:0
end_of_record
TN:
SF:components/ui/skeleton.tsx
FN:3,Skeleton
FNF:1
FNH:0
FNDA:0,Skeleton
DA:7,0
LF:1
LH:0
BRF:0
BRH:0
end_of_record
TN:
SF:components/ui/slider.tsx
FN:11,(anonymous_0)
FNF:1
FNH:0
FNDA:0,(anonymous_0)
DA:8,1
DA:12,0
DA:26,1
LF:3
LH:2
BRF:0
BRH:0
end_of_record
TN:
SF:components/ui/spinner.tsx
FN:24,Spinner
FNF:1
FNH:0
FNDA:0,Spinner
DA:4,1
DA:25,0
LF:2
LH:1
BRF:0
BRH:0
end_of_record
TN:
SF:components/ui/tabs.tsx
FN:13,(anonymous_0)
FN:28,(anonymous_1)
FN:43,(anonymous_2)
FNF:3
FNH:0
FNDA:0,(anonymous_0)
FNDA:0,(anonymous_1)
FNDA:0,(anonymous_2)
DA:8,2
DA:10,2
DA:14,0
DA:23,2
DA:25,2
DA:29,0
DA:38,2
DA:40,2
DA:44,0
DA:53,2
LF:10
LH:7
BRF:0
BRH:0
end_of_record
TN:
SF:components/ui/textarea.tsx
FN:8,(anonymous_0)
FNF:1
FNH:0
FNDA:0,(anonymous_0)
DA:5,1
DA:9,0
DA:20,1
LF:3
LH:2
BRF:0
BRH:0
end_of_record
TN:
SF:components/ui/use-toast.ts
FN:30,genId
FN:61,(anonymous_1)
FN:66,(anonymous_2)
FN:77,(anonymous_3)
FN:88,(anonymous_4)
FN:101,(anonymous_5)
FN:108,(anonymous_6)
FN:127,(anonymous_7)
FN:136,dispatch
FN:138,(anonymous_9)
FN:145,toast
FN:148,(anonymous_11)
FN:153,(anonymous_12)
FN:161,(anonymous_13)
FN:174,useToast
FN:177,(anonymous_15)
FN:179,(anonymous_16)
FN:190,(anonymous_17)
FNF:18
FNH:8
FNDA:8,genId
FNDA:0,(anonymous_1)
FNDA:0,(anonymous_2)
FNDA:8,(anonymous_3)
FNDA:0,(anonymous_4)
FNDA:0,(anonymous_5)
FNDA:0,(anonymous_6)
FNDA:0,(anonymous_7)
FNDA:8,dispatch
FNDA:8,(anonymous_9)
FNDA:8,toast
FNDA:0,(anonymous_11)
FNDA:0,(anonymous_12)
FNDA:0,(anonymous_13)
FNDA:30,useToast
FNDA:17,(anonymous_15)
FNDA:17,(anonymous_16)
FNDA:0,(anonymous_17)
DA:11,9
DA:12,9
DA:21,9
DA:28,9
DA:31,8
DA:32,8
DA:59,9
DA:61,9
DA:62,0
DA:63,0
DA:66,0
DA:67,0
DA:68,0
DA:74,0
DA:77,9
DA:78,8
DA:80,8
DA:86,0
DA:89,0
DA:94,0
DA:98,0
DA:99,0
DA:101,0
DA:102,0
DA:106,0
DA:109,0
DA:119,0
DA:120,0
DA:125,0
DA:127,0
DA:132,9
DA:134,9
DA:137,8
DA:138,8
DA:139,8
DA:146,8
DA:148,8
DA:149,0
DA:153,8
DA:155,8
DA:162,0
DA:167,8
DA:175,30
DA:177,30
DA:178,17
DA:179,17
DA:180,17
DA:181,17
DA:182,17
DA:187,30
DA:190,0
LF:51
LH:29
BRDA:62,0,0,0
BRDA:62,0,1,0
BRDA:78,1,0,8
BRDA:78,1,1,0
BRDA:78,1,2,0
BRDA:78,1,3,0
BRDA:89,2,0,0
BRDA:89,2,1,0
BRDA:98,3,0,0
BRDA:98,3,1,0
BRDA:109,4,0,0
BRDA:109,4,1,0
BRDA:109,5,0,0
BRDA:109,5,1,0
BRDA:119,6,0,0
BRDA:119,6,1,0
BRDA:162,7,0,0
BRDA:162,7,1,0
BRDA:181,8,0,17
BRDA:181,8,1,0
BRF:20
BRH:2
end_of_record
TN:
SF:contexts/auth-context.tsx
FN:35,AuthProvider
FN:42,(anonymous_1)
FN:43,(anonymous_2)
FN:55,(anonymous_3)
FN:93,(anonymous_4)
FN:104,(anonymous_5)
FN:141,useAuth
FNF:7
FNH:6
FNDA:30,AuthProvider
FNDA:10,(anonymous_1)
FNDA:10,(anonymous_2)
FNDA:7,(anonymous_3)
FNDA:1,(anonymous_4)
FNDA:0,(anonymous_5)
FNDA:31,useAuth
DA:33,9
DA:36,30
DA:37,30
DA:38,30
DA:39,30
DA:42,30
DA:43,10
DA:44,10
DA:45,0
DA:46,0
DA:48,10
DA:51,10
DA:55,30
DA:56,7
DA:57,7
DA:60,7
DA:62,4
DA:70,4
DA:78,4
DA:80,3
DA:86,3
DA:88,7
DA:93,30
DA:94,1
DA:95,1
DA:96,1
DA:100,1
DA:104,30
DA:105,0
DA:106,0
DA:107,0
DA:108,0
DA:109,0
DA:111,0
DA:115,0
DA:117,0
DA:118,0
DA:123,0
DA:125,0
DA:129,30
DA:138,30
DA:142,31
DA:143,31
DA:144,0
DA:146,31
LF:45
LH:31
BRDA:44,0,0,0
BRDA:44,0,1,10
BRDA:63,1,0,4
BRDA:63,1,1,0
BRDA:73,2,0,4
BRDA:73,2,1,0
BRDA:83,3,0,3
BRDA:83,3,1,0
BRDA:108,4,0,0
BRDA:108,4,1,0
BRDA:121,5,0,0
BRDA:121,5,1,0
BRDA:143,6,0,0
BRDA:143,6,1,31
BRF:14
BRH:5
end_of_record
TN:
SF:contexts/edf-plot-context.tsx
FN:65,EDFPlotProvider
FN:75,(anonymous_1)
FN:83,(anonymous_2)
FN:84,(anonymous_3)
FN:95,(anonymous_4)
FN:96,(anonymous_5)
FN:125,useEDFPlot
FNF:7
FNH:0
FNDA:0,EDFPlotProvider
FNDA:0,(anonymous_1)
FNDA:0,(anonymous_2)
FNDA:0,(anonymous_3)
FNDA:0,(anonymous_4)
FNDA:0,(anonymous_5)
FNDA:0,useEDFPlot
DA:47,1
DA:62,1
DA:67,0
DA:70,0
DA:71,0
DA:74,0
DA:76,0
DA:82,0
DA:84,0
DA:85,0
DA:86,0
DA:87,0
DA:88,0
DA:95,0
DA:96,0
DA:98,0
DA:99,0
DA:100,0
DA:101,0
DA:103,0
DA:108,0
DA:119,0
DA:126,0
DA:127,0
DA:128,0
DA:130,0
LF:26
LH:2
BRDA:86,0,0,0
BRDA:86,0,1,0
BRDA:98,1,0,0
BRDA:98,1,1,0
BRDA:127,2,0,0
BRDA:127,2,1,0
BRF:6
BRH:0
end_of_record
TN:
SF:hooks/use-toast.ts
FN:30,genId
FN:61,(anonymous_1)
FN:66,(anonymous_2)
FN:77,(anonymous_3)
FN:88,(anonymous_4)
FN:101,(anonymous_5)
FN:108,(anonymous_6)
FN:127,(anonymous_7)
FN:136,dispatch
FN:138,(anonymous_9)
FN:145,toast
FN:148,(anonymous_11)
FN:153,(anonymous_12)
FN:161,(anonymous_13)
FN:174,useToast
FN:177,(anonymous_15)
FN:179,(anonymous_16)
FN:190,(anonymous_17)
FNF:18
FNH:0
FNDA:0,genId
FNDA:0,(anonymous_1)
FNDA:0,(anonymous_2)
FNDA:0,(anonymous_3)
FNDA:0,(anonymous_4)
FNDA:0,(anonymous_5)
FNDA:0,(anonymous_6)
FNDA:0,(anonymous_7)
FNDA:0,dispatch
FNDA:0,(anonymous_9)
FNDA:0,toast
FNDA:0,(anonymous_11)
FNDA:0,(anonymous_12)
FNDA:0,(anonymous_13)
FNDA:0,useToast
FNDA:0,(anonymous_15)
FNDA:0,(anonymous_16)
FNDA:0,(anonymous_17)
DA:11,3
DA:12,3
DA:21,3
DA:28,3
DA:31,0
DA:32,0
DA:59,3
DA:61,3
DA:62,0
DA:63,0
DA:66,0
DA:67,0
DA:68,0
DA:74,0
DA:77,3
DA:78,0
DA:80,0
DA:86,0
DA:89,0
DA:94,0
DA:98,0
DA:99,0
DA:101,0
DA:102,0
DA:106,0
DA:109,0
DA:119,0
DA:120,0
DA:125,0
DA:127,0
DA:132,3
DA:134,3
DA:137,0
DA:138,0
DA:139,0
DA:146,0
DA:148,0
DA:149,0
DA:153,0
DA:155,0
DA:162,0
DA:167,0
DA:175,0
DA:177,0
DA:178,0
DA:179,0
DA:180,0
DA:181,0
DA:182,0
DA:187,0
DA:190,0
LF:51
LH:9
BRDA:62,0,0,0
BRDA:62,0,1,0
BRDA:78,1,0,0
BRDA:78,1,1,0
BRDA:78,1,2,0
BRDA:78,1,3,0
BRDA:89,2,0,0
BRDA:89,2,1,0
BRDA:98,3,0,0
BRDA:98,3,1,0
BRDA:109,4,0,0
BRDA:109,4,1,0
BRDA:109,5,0,0
BRDA:109,5,1,0
BRDA:119,6,0,0
BRDA:119,6,1,0
BRDA:162,7,0,0
BRDA:162,7,1,0
BRDA:181,8,0,0
BRDA:181,8,1,0
BRF:20
BRH:0
end_of_record
TN:
SF:lib/config.ts
FNF:0
FNH:0
DA:4,2
LF:1
LH:1
BRDA:7,0,0,2
BRDA:7,0,1,2
BRF:2
BRH:2
end_of_record
TN:
SF:lib/edf-parser.ts
FN:8,parseEDFFile
FN:9,(anonymous_1)
FN:12,(anonymous_2)
FN:38,(anonymous_3)
FN:48,createSimulatedEEGData
FN:50,(anonymous_5)
FN:111,generateSimulatedEEGData
FNF:7
FNH:0
FNDA:0,parseEDFFile
FNDA:0,(anonymous_1)
FNDA:0,(anonymous_2)
FNDA:0,(anonymous_3)
FNDA:0,createSimulatedEEGData
FNDA:0,(anonymous_5)
FNDA:0,generateSimulatedEEGData
DA:9,0
DA:10,0
DA:12,0
DA:13,0
DA:14,0
DA:15,0
DA:18,0
DA:19,0
DA:21,0
DA:22,0
DA:26,0
DA:27,0
DA:28,0
DA:30,0
DA:32,0
DA:33,0
DA:34,0
DA:38,0
DA:39,0
DA:40,0
DA:43,0
DA:50,0
DA:51,0
DA:54,0
DA:55,0
DA:57,0
DA:79,0
DA:80,0
DA:82,0
DA:87,0
DA:88,0
DA:91,0
DA:94,0
DA:97,0
DA:98,0
DA:100,0
DA:112,0
DA:114,0
DA:115,0
DA:118,0
DA:119,0
DA:122,0
DA:123,0
DA:125,0
DA:126,0
DA:127,0
DA:129,0
DA:131,0
DA:134,0
DA:137,0
DA:140,0
DA:143,0
DA:146,0
DA:147,0
DA:150,0
DA:154,0
DA:157,0
LF:57
LH:0
BRDA:14,0,0,0
BRDA:14,0,1,0
BRDA:14,1,0,0
BRDA:14,1,1,0
BRDA:21,2,0,0
BRDA:21,2,1,0
BRDA:79,3,0,0
BRDA:79,3,1,0
BRDA:146,4,0,0
BRDA:146,4,1,0
BRDA:147,5,0,0
BRDA:147,5,1,0
BRF:12
BRH:0
end_of_record
TN:
SF:lib/utils.ts
FN:4,cn
FNF:1
FNH:1
FNDA:180,cn
DA:5,180
LF:1
LH:1
BRF:0
BRH:0
end_of_record
TN:
SF:lib/graphql/mutations.ts
FNF:0
FNH:0
DA:4,1
DA:13,1
DA:23,1
DA:38,1
LF:4
LH:4
BRF:0
BRH:0
end_of_record
TN:
SF:lib/graphql/queries.ts
FNF:0
FNH:0
DA:4,1
DA:12,1
DA:24,1
DA:30,1
DA:39,1
DA:47,1
DA:57,1
LF:7
LH:7
BRF:0
BRH:0
end_of_record
